#
# A fatal error has been detected by the Java Runtime Environment:
#
#  EXCEPTION_ACCESS_VIOLATION (0xc0000005) at pc=0x00007ffc87fae560, pid=29920, tid=6000
#
# JRE version: OpenJDK Runtime Environment (19.0.2+7) (build 19.0.2+7-44)
# Java VM: OpenJDK 64-Bit Server VM (19.0.2+7-44, mixed mode, sharing, tiered, compressed oops, compressed class ptrs, g1 gc, windows-amd64)
# Problematic frame:
# C  [ig9icd64.dll+0x7e560]
#
# No core dump will be written. Minidumps are not enabled by default on client versions of Windows
#
# If you would like to submit a bug report, please visit:
#   https://bugreport.java.com/bugreport/crash.jsp
# The crash happened outside the Java Virtual Machine in native code.
# See problematic frame for where to report the bug.
#

---------------  S U M M A R Y ------------

Command Line: -Dfile.encoding=windows-1258 -Duser.country=US -Duser.language=en -Duser.variant com.trongthien.zbattle.DesktopLauncher

Host: Intel(R) Core(TM) i5-6300U CPU @ 2.40GHz, 4 cores, 7G,  Windows 11 , 64 bit Build 22000 (10.0.22000.2538)
Time: Wed Mar  6 00:32:07 2024 SE Asia Standard Time elapsed time: 1.787902 seconds (0d 0h 0m 1s)

---------------  T H R E A D  ---------------

Current thread (0x000001bbb202abf0):  JavaThread "main" [_thread_in_native, id=6000, stack(0x0000005a52f00000,0x0000005a53000000)]

Stack: [0x0000005a52f00000,0x0000005a53000000],  sp=0x0000005a52ffecb8,  free space=1019k
Native frames: (J=compiled Java code, j=interpreted, Vv=VM code, C=native code)
C  [ig9icd64.dll+0x7e560]

Java frames: (J=compiled Java code, j=interpreted, Vv=VM code)
j  org.lwjgl.opengl.GL11C.nglDrawElements(IIIJ)V+0
j  org.lwjgl.opengl.GL11C.glDrawElements(ILjava/nio/ShortBuffer;)V+12
j  org.lwjgl.opengl.GL11.glDrawElements(ILjava/nio/ShortBuffer;)V+2
j  com.badlogic.gdx.backends.lwjgl3.Lwjgl3GL20.glDrawElements(IIILjava/nio/Buffer;)V+49
j  com.badlogic.gdx.graphics.Mesh.render(Lcom/badlogic/gdx/graphics/glutils/ShaderProgram;IIIZ)V+79
j  com.badlogic.gdx.graphics.Mesh.render(Lcom/badlogic/gdx/graphics/glutils/ShaderProgram;III)V+10
j  com.badlogic.gdx.graphics.g2d.SpriteBatch.flush()V+187
j  com.badlogic.gdx.graphics.g2d.SpriteBatch.end()V+25
j  com.trongthien.zbattle.MainGame.render()V+51
j  com.badlogic.gdx.backends.lwjgl3.Lwjgl3Window.update()Z+187
j  com.badlogic.gdx.backends.lwjgl3.Lwjgl3Application.loop()V+111
j  com.badlogic.gdx.backends.lwjgl3.Lwjgl3Application.<init>(Lcom/badlogic/gdx/ApplicationListener;Lcom/badlogic/gdx/backends/lwjgl3/Lwjgl3ApplicationConfiguration;)V+269
j  com.trongthien.zbattle.DesktopLauncher.main([Ljava/lang/String;)V+82
v  ~StubRoutines::call_stub 0x000001bbc14b100e

siginfo: EXCEPTION_ACCESS_VIOLATION (0xc0000005), reading address 0x000001bbd770c880


Registers:
RAX=0x000000000000007f, RBX=0x000000000000ffff, RCX=0x000001bbdb3d7424, RDX=0x000001bbd770c880
RSP=0x0000005a52ffecb8, RBP=0x0000000000000006, RSI=0x0000005a52ffed70, RDI=0x0000000000000000
R8 =0x000000000000000c, R9 =0x0000005a52ffed70, R10=0x0000000003ccaba4, R11=0x0000000000000006
R12=0x0000000000000000, R13=0x0000000000060000, R14=0x000001bbd6dc9ac0, R15=0x000000000000000c
RIP=0x00007ffc87fae560, EFLAGS=0x0000000000010202


Register to memory mapping:

RIP=0x00007ffc87fae560 ig9icd64.dll
RAX=0x000000000000007f is an unknown value
RBX=0x000000000000ffff is an unknown value
RCX=0x000001bbdb3d7424 points into unknown readable memory: 00 00 00 00
RDX=0x000001bbd770c880 is an unknown value
RSP=0x0000005a52ffecb8 is pointing into the stack for thread: 0x000001bbb202abf0
RBP=0x0000000000000006 is an unknown value
RSI=0x0000005a52ffed70 is pointing into the stack for thread: 0x000001bbb202abf0
RDI=0x0 is NULL
R8 =0x000000000000000c is an unknown value
R9 =0x0000005a52ffed70 is pointing into the stack for thread: 0x000001bbb202abf0
R10=0x0000000003ccaba4 is an unknown value
R11=0x0000000000000006 is an unknown value
R12=0x0 is NULL
R13=0x0000000000060000 is an unknown value
R14=0x000001bbd6dc9ac0 points into unknown readable memory: 0x000001bbdb3d7424 | 24 74 3d db bb 01 00 00
R15=0x000000000000000c is an unknown value


Top of Stack: (sp=0x0000005a52ffecb8)
0x0000005a52ffecb8:   00007ffc8854abbf 0000000000060000
0x0000005a52ffecc8:   000001bbd69522e0 000001bbd6927480
0x0000005a52ffecd8:   ffffffff00000000 0000005a52ffed78
0x0000005a52ffece8:   00000000ffffffff 0000adfa22b07e9e
0x0000005a52ffecf8:   000001bbd0732048 0000000000000001
0x0000005a52ffed08:   00007ffc889887ea 000001bbd071c8d0
0x0000005a52ffed18:   0000000000000000 0000000000000004
0x0000005a52ffed28:   000001bbd065fc30 0000000000001403
0x0000005a52ffed38:   0000000000000001 000001bbd6927480
0x0000005a52ffed48:   0000000000000006 000001bbd6927480
0x0000005a52ffed58:   00007ffc88797559 0000000000000000
0x0000005a52ffed68:   0000000000000004 0000000000000002
0x0000005a52ffed78:   0000000000000001 0000000000000004
0x0000005a52ffed88:   0000000000000006 0000000000000000
0x0000005a52ffed98:   00007ffc88988c80 000000000000ffff
0x0000005a52ffeda8:   0000000089200328 000001bbd071cef8 

Instructions: (pc=0x00007ffc87fae560)
0x00007ffc87fae460:   83 c2 10 66 0f f9 c3 66 0f ea c8 66 0f ee d0 48
0x00007ffc87fae470:   83 e9 01 75 dd 66 0f fd cb 66 0f fd d3 66 0f c5
0x00007ffc87fae480:   c1 00 66 0f c5 c9 01 66 44 0f c5 c1 06 66 3b d8
0x00007ffc87fae490:   66 0f 46 c3 66 3b c1 66 0f 46 c8 66 0f c5 c1 02
0x00007ffc87fae4a0:   66 3b c8 66 0f 46 c1 66 0f c5 c9 03 66 3b c1 66
0x00007ffc87fae4b0:   0f 46 c8 66 0f c5 c1 04 66 3b c8 66 0f 46 c1 66
0x00007ffc87fae4c0:   0f c5 c9 05 66 3b c1 66 0f 46 c8 66 41 3b c8 66
0x00007ffc87fae4d0:   0f c5 c1 07 66 44 0f 46 c1 66 0f c5 ca 01 66 44
0x00007ffc87fae4e0:   3b c0 66 41 0f 46 c0 0f b7 d8 66 0f c5 c2 00 66
0x00007ffc87fae4f0:   44 0f c5 c2 06 66 3b f8 66 0f 43 c7 66 3b c1 66
0x00007ffc87fae500:   0f 43 c8 66 0f c5 c2 02 66 3b c8 66 0f 43 c1 66
0x00007ffc87fae510:   0f c5 ca 03 66 3b c1 66 0f 43 c8 66 0f c5 c2 04
0x00007ffc87fae520:   66 3b c8 66 0f 43 c1 66 0f c5 ca 05 66 3b c1 66
0x00007ffc87fae530:   0f 43 c8 66 41 3b c8 66 0f c5 c2 07 66 44 0f 43
0x00007ffc87fae540:   c1 66 44 3b c0 66 41 0f 43 c0 0f b7 f8 4d 85 db
0x00007ffc87fae550:   74 52 4c 2b d2 66 66 66 0f 1f 84 00 00 00 00 00
0x00007ffc87fae560:   0f b7 0a 66 41 89 0c 12 48 8d 52 02 66 3b d9 0f
0x00007ffc87fae570:   b7 c1 66 0f 46 c3 66 3b f9 0f b7 d8 66 0f 43 cf
0x00007ffc87fae580:   0f b7 f9 49 83 eb 01 75 d7 66 89 06 48 8b 44 24
0x00007ffc87fae590:   28 66 89 08 48 8b 5c 24 08 48 8b 74 24 10 48 8b
0x00007ffc87fae5a0:   7c 24 18 c3 48 8b 44 24 28 66 89 1e 48 8b 5c 24
0x00007ffc87fae5b0:   08 48 8b 74 24 10 66 89 38 48 8b 7c 24 18 c3 cc
0x00007ffc87fae5c0:   48 89 5c 24 10 56 48 83 ec 50 33 db 41 c1 e8 02
0x00007ffc87fae5d0:   41 8b f1 4c 8b d1 41 bb ff ff ff ff f6 c2 03 0f
0x00007ffc87fae5e0:   85 3e 02 00 00 83 bc 24 90 00 00 00 06 0f 8c 30
0x00007ffc87fae5f0:   02 00 00 0f 18 42 20 0f 18 42 40 41 83 f8 04 0f
0x00007ffc87fae600:   82 1e 02 00 00 44 8d 4a 0f 41 83 e1 f0 44 2b ca
0x00007ffc87fae610:   41 c1 e9 02 45 85 c9 74 3a 48 89 7c 24 60 41 8b
0x00007ffc87fae620:   f9 8b 0a 48 83 c2 04 41 89 0a 49 83 c2 04 3b ce
0x00007ffc87fae630:   74 13 44 3b d9 8b c1 41 0f 46 c3 3b d9 44 8b d8
0x00007ffc87fae640:   0f 43 cb 8b d9 48 83 ef 01 75 d6 48 8b 7c 24 60
0x00007ffc87fae650:   45 2b c1 41 83 f8 08 0f 82 c6 01 00 00 48 8b ce 


Stack slot to memory mapping:
stack at sp + 0 slots: 0x00007ffc8854abbf ig9icd64.dll
stack at sp + 1 slots: 0x0000000000060000 is an unknown value
stack at sp + 2 slots: 0x000001bbd69522e0 points into unknown readable memory: 0x000001bbd770c880 | 80 c8 70 d7 bb 01 00 00
stack at sp + 3 slots: 0x000001bbd6927480 points into unknown readable memory: 0x000001bbd68aefc0 | c0 ef 8a d6 bb 01 00 00
stack at sp + 4 slots: 0xffffffff00000000 is an unknown value
stack at sp + 5 slots: 0x0000005a52ffed78 is pointing into the stack for thread: 0x000001bbb202abf0
stack at sp + 6 slots: 0x00000000ffffffff is an unallocated location in the heap
stack at sp + 7 slots: 0x0000adfa22b07e9e is an unknown value


---------------  P R O C E S S  ---------------

Threads class SMR info:
_java_thread_list=0x000001bbd6aff510, length=14, elements={
0x000001bbb202abf0, 0x000001bbcff176f0, 0x000001bbcff184e0, 0x000001bbcff1a380,
0x000001bbcff1ccc0, 0x000001bbcff1d5f0, 0x000001bbcff1df20, 0x000001bbcff2a620,
0x000001bbcff2af90, 0x000001bbcff38760, 0x000001bbd41e6ca0, 0x000001bbd41ef4c0,
0x000001bbd6882980, 0x000001bbd42680f0
}

Java Threads: ( => current thread )
=>0x000001bbb202abf0 JavaThread "main" [_thread_in_native, id=6000, stack(0x0000005a52f00000,0x0000005a53000000)]
  0x000001bbcff176f0 JavaThread "Reference Handler" daemon [_thread_blocked, id=53068, stack(0x0000005a53600000,0x0000005a53700000)]
  0x000001bbcff184e0 JavaThread "Finalizer" daemon [_thread_blocked, id=9608, stack(0x0000005a53700000,0x0000005a53800000)]
  0x000001bbcff1a380 JavaThread "Signal Dispatcher" daemon [_thread_blocked, id=14856, stack(0x0000005a53800000,0x0000005a53900000)]
  0x000001bbcff1ccc0 JavaThread "Attach Listener" daemon [_thread_blocked, id=28252, stack(0x0000005a53900000,0x0000005a53a00000)]
  0x000001bbcff1d5f0 JavaThread "Service Thread" daemon [_thread_blocked, id=16948, stack(0x0000005a53a00000,0x0000005a53b00000)]
  0x000001bbcff1df20 JavaThread "Monitor Deflation Thread" daemon [_thread_blocked, id=12324, stack(0x0000005a53b00000,0x0000005a53c00000)]
  0x000001bbcff2a620 JavaThread "C2 CompilerThread0" daemon [_thread_blocked, id=31920, stack(0x0000005a53c00000,0x0000005a53d00000)]
  0x000001bbcff2af90 JavaThread "C1 CompilerThread0" daemon [_thread_blocked, id=33328, stack(0x0000005a53d00000,0x0000005a53e00000)]
  0x000001bbcff38760 JavaThread "Sweeper thread" daemon [_thread_blocked, id=18220, stack(0x0000005a53e00000,0x0000005a53f00000)]
  0x000001bbd41e6ca0 JavaThread "Notification Thread" daemon [_thread_blocked, id=45352, stack(0x0000005a53f00000,0x0000005a54000000)]
  0x000001bbd41ef4c0 JavaThread "Common-Cleaner" daemon [_thread_blocked, id=36504, stack(0x0000005a54100000,0x0000005a54200000)]
  0x000001bbd6882980 JavaThread "Thread-0" daemon [_thread_blocked, id=27728, stack(0x0000005a54900000,0x0000005a54a00000)]
  0x000001bbd42680f0 JavaThread "C2 CompilerThread1" daemon [_thread_blocked, id=18732, stack(0x0000005a54f00000,0x0000005a55000000)]

Other Threads:
  0x000001bbcfefc140 VMThread "VM Thread" [stack: 0x0000005a53500000,0x0000005a53600000] [id=27252]
  0x000001bbd41e7a00 WatcherThread "VM Periodic Task Thread" [stack: 0x0000005a54000000,0x0000005a54100000] [id=50600]
  0x000001bbb208ce40 WorkerThread "GC Thread#0" [stack: 0x0000005a53000000,0x0000005a53100000] [id=39296]
  0x000001bbd6c7c860 WorkerThread "GC Thread#1" [stack: 0x0000005a54200000,0x0000005a54300000] [id=17280]
  0x000001bbd6d87b60 WorkerThread "GC Thread#2" [stack: 0x0000005a54d00000,0x0000005a54e00000] [id=45280]
  0x000001bbd6d85c70 WorkerThread "GC Thread#3" [stack: 0x0000005a54e00000,0x0000005a54f00000] [id=47512]
  0x000001bbb209db00 ConcurrentGCThread "G1 Main Marker" [stack: 0x0000005a53100000,0x0000005a53200000] [id=19032]
  0x000001bbb209fce0 WorkerThread "G1 Conc#0" [stack: 0x0000005a53200000,0x0000005a53300000] [id=44360]
  0x000001bbb20ee320 ConcurrentGCThread "G1 Refine#0" [stack: 0x0000005a53300000,0x0000005a53400000] [id=30708]
  0x000001bbcfdb80f0 ConcurrentGCThread "G1 Service" [stack: 0x0000005a53400000,0x0000005a53500000] [id=31672]

Threads with active compile tasks:

VM state: not at safepoint (normal execution)

VM Mutex/Monitor currently owned by a thread: None

Heap address: 0x0000000082200000, size: 2014 MB, Compressed Oops mode: 32-bit

CDS archive(s) mapped at: [0x0000000800000000-0x0000000800c40000-0x0000000800c40000), size 12845056, SharedBaseAddress: 0x0000000800000000, ArchiveRelocationMode: 0.
Compressed class space mapped at: 0x0000000801000000-0x0000000841000000, reserved size: 1073741824
Narrow klass base: 0x0000000800000000, Narrow klass shift: 0, Narrow klass range: 0x100000000

GC Precious Log:
 CardTable entry size: 512
 Card Set container configuration: InlinePtr #cards 5 size 8 Array Of Cards #cards 12 size 40 Howl #buckets 4 coarsen threshold 1843 Howl Bitmap #cards 512 size 80 coarsen threshold 460 Card regions per heap region 1 cards per card region 2048
 CPUs: 4 total, 4 available
 Memory: 8050M
 Large Page Support: Disabled
 NUMA Support: Disabled
 Compressed Oops: Enabled (32-bit)
 Heap Region Size: 1M
 Heap Min Capacity: 8M
 Heap Initial Capacity: 126M
 Heap Max Capacity: 2014M
 Pre-touch: Disabled
 Parallel Workers: 4
 Concurrent Workers: 1
 Concurrent Refinement Workers: 4
 Periodic GC: Disabled

Heap:
 garbage-first heap   total 129024K, used 7307K [0x0000000082200000, 0x0000000100000000)
  region size 1024K, 9 young (9216K), 2 survivors (2048K)
 Metaspace       used 7580K, committed 7744K, reserved 1114112K
  class space    used 560K, committed 640K, reserved 1048576K

Heap Regions: E=young(eden), S=young(survivor), O=old, HS=humongous(starts), HC=humongous(continues), CS=collection set, F=free, OA=open archive, CA=closed archive, TAMS=top-at-mark-start (previous, next)
|   0|0x0000000082200000, 0x0000000082222c00, 0x0000000082300000| 13%| O|  |TAMS 0x0000000082200000, 0x0000000082200000| Untracked 
|   1|0x0000000082300000, 0x0000000082300000, 0x0000000082400000|  0%| F|  |TAMS 0x0000000082300000, 0x0000000082300000| Untracked 
|   2|0x0000000082400000, 0x0000000082400000, 0x0000000082500000|  0%| F|  |TAMS 0x0000000082400000, 0x0000000082400000| Untracked 
|   3|0x0000000082500000, 0x0000000082500000, 0x0000000082600000|  0%| F|  |TAMS 0x0000000082500000, 0x0000000082500000| Untracked 
|   4|0x0000000082600000, 0x0000000082600000, 0x0000000082700000|  0%| F|  |TAMS 0x0000000082600000, 0x0000000082600000| Untracked 
|   5|0x0000000082700000, 0x0000000082700000, 0x0000000082800000|  0%| F|  |TAMS 0x0000000082700000, 0x0000000082700000| Untracked 
|   6|0x0000000082800000, 0x0000000082800000, 0x0000000082900000|  0%| F|  |TAMS 0x0000000082800000, 0x0000000082800000| Untracked 
|   7|0x0000000082900000, 0x0000000082900000, 0x0000000082a00000|  0%| F|  |TAMS 0x0000000082900000, 0x0000000082900000| Untracked 
|   8|0x0000000082a00000, 0x0000000082a00000, 0x0000000082b00000|  0%| F|  |TAMS 0x0000000082a00000, 0x0000000082a00000| Untracked 
|   9|0x0000000082b00000, 0x0000000082b00000, 0x0000000082c00000|  0%| F|  |TAMS 0x0000000082b00000, 0x0000000082b00000| Untracked 
|  10|0x0000000082c00000, 0x0000000082c00000, 0x0000000082d00000|  0%| F|  |TAMS 0x0000000082c00000, 0x0000000082c00000| Untracked 
|  11|0x0000000082d00000, 0x0000000082d00000, 0x0000000082e00000|  0%| F|  |TAMS 0x0000000082d00000, 0x0000000082d00000| Untracked 
|  12|0x0000000082e00000, 0x0000000082e00000, 0x0000000082f00000|  0%| F|  |TAMS 0x0000000082e00000, 0x0000000082e00000| Untracked 
|  13|0x0000000082f00000, 0x0000000082f00000, 0x0000000083000000|  0%| F|  |TAMS 0x0000000082f00000, 0x0000000082f00000| Untracked 
|  14|0x0000000083000000, 0x0000000083000000, 0x0000000083100000|  0%| F|  |TAMS 0x0000000083000000, 0x0000000083000000| Untracked 
|  15|0x0000000083100000, 0x0000000083100000, 0x0000000083200000|  0%| F|  |TAMS 0x0000000083100000, 0x0000000083100000| Untracked 
|  16|0x0000000083200000, 0x0000000083200000, 0x0000000083300000|  0%| F|  |TAMS 0x0000000083200000, 0x0000000083200000| Untracked 
|  17|0x0000000083300000, 0x0000000083300000, 0x0000000083400000|  0%| F|  |TAMS 0x0000000083300000, 0x0000000083300000| Untracked 
|  18|0x0000000083400000, 0x0000000083400000, 0x0000000083500000|  0%| F|  |TAMS 0x0000000083400000, 0x0000000083400000| Untracked 
|  19|0x0000000083500000, 0x0000000083500000, 0x0000000083600000|  0%| F|  |TAMS 0x0000000083500000, 0x0000000083500000| Untracked 
|  20|0x0000000083600000, 0x0000000083600000, 0x0000000083700000|  0%| F|  |TAMS 0x0000000083600000, 0x0000000083600000| Untracked 
|  21|0x0000000083700000, 0x0000000083700000, 0x0000000083800000|  0%| F|  |TAMS 0x0000000083700000, 0x0000000083700000| Untracked 
|  22|0x0000000083800000, 0x0000000083800000, 0x0000000083900000|  0%| F|  |TAMS 0x0000000083800000, 0x0000000083800000| Untracked 
|  23|0x0000000083900000, 0x0000000083900000, 0x0000000083a00000|  0%| F|  |TAMS 0x0000000083900000, 0x0000000083900000| Untracked 
|  24|0x0000000083a00000, 0x0000000083a00000, 0x0000000083b00000|  0%| F|  |TAMS 0x0000000083a00000, 0x0000000083a00000| Untracked 
|  25|0x0000000083b00000, 0x0000000083b00000, 0x0000000083c00000|  0%| F|  |TAMS 0x0000000083b00000, 0x0000000083b00000| Untracked 
|  26|0x0000000083c00000, 0x0000000083c00000, 0x0000000083d00000|  0%| F|  |TAMS 0x0000000083c00000, 0x0000000083c00000| Untracked 
|  27|0x0000000083d00000, 0x0000000083d00000, 0x0000000083e00000|  0%| F|  |TAMS 0x0000000083d00000, 0x0000000083d00000| Untracked 
|  28|0x0000000083e00000, 0x0000000083e00000, 0x0000000083f00000|  0%| F|  |TAMS 0x0000000083e00000, 0x0000000083e00000| Untracked 
|  29|0x0000000083f00000, 0x0000000083f00000, 0x0000000084000000|  0%| F|  |TAMS 0x0000000083f00000, 0x0000000083f00000| Untracked 
|  30|0x0000000084000000, 0x0000000084000000, 0x0000000084100000|  0%| F|  |TAMS 0x0000000084000000, 0x0000000084000000| Untracked 
|  31|0x0000000084100000, 0x0000000084100000, 0x0000000084200000|  0%| F|  |TAMS 0x0000000084100000, 0x0000000084100000| Untracked 
|  32|0x0000000084200000, 0x0000000084200000, 0x0000000084300000|  0%| F|  |TAMS 0x0000000084200000, 0x0000000084200000| Untracked 
|  33|0x0000000084300000, 0x0000000084300000, 0x0000000084400000|  0%| F|  |TAMS 0x0000000084300000, 0x0000000084300000| Untracked 
|  34|0x0000000084400000, 0x0000000084400000, 0x0000000084500000|  0%| F|  |TAMS 0x0000000084400000, 0x0000000084400000| Untracked 
|  35|0x0000000084500000, 0x0000000084500000, 0x0000000084600000|  0%| F|  |TAMS 0x0000000084500000, 0x0000000084500000| Untracked 
|  36|0x0000000084600000, 0x0000000084600000, 0x0000000084700000|  0%| F|  |TAMS 0x0000000084600000, 0x0000000084600000| Untracked 
|  37|0x0000000084700000, 0x0000000084700000, 0x0000000084800000|  0%| F|  |TAMS 0x0000000084700000, 0x0000000084700000| Untracked 
|  38|0x0000000084800000, 0x0000000084800000, 0x0000000084900000|  0%| F|  |TAMS 0x0000000084800000, 0x0000000084800000| Untracked 
|  39|0x0000000084900000, 0x0000000084900000, 0x0000000084a00000|  0%| F|  |TAMS 0x0000000084900000, 0x0000000084900000| Untracked 
|  40|0x0000000084a00000, 0x0000000084a00000, 0x0000000084b00000|  0%| F|  |TAMS 0x0000000084a00000, 0x0000000084a00000| Untracked 
|  41|0x0000000084b00000, 0x0000000084b00000, 0x0000000084c00000|  0%| F|  |TAMS 0x0000000084b00000, 0x0000000084b00000| Untracked 
|  42|0x0000000084c00000, 0x0000000084c00000, 0x0000000084d00000|  0%| F|  |TAMS 0x0000000084c00000, 0x0000000084c00000| Untracked 
|  43|0x0000000084d00000, 0x0000000084d00000, 0x0000000084e00000|  0%| F|  |TAMS 0x0000000084d00000, 0x0000000084d00000| Untracked 
|  44|0x0000000084e00000, 0x0000000084e00000, 0x0000000084f00000|  0%| F|  |TAMS 0x0000000084e00000, 0x0000000084e00000| Untracked 
|  45|0x0000000084f00000, 0x0000000084f00000, 0x0000000085000000|  0%| F|  |TAMS 0x0000000084f00000, 0x0000000084f00000| Untracked 
|  46|0x0000000085000000, 0x0000000085000000, 0x0000000085100000|  0%| F|  |TAMS 0x0000000085000000, 0x0000000085000000| Untracked 
|  47|0x0000000085100000, 0x0000000085100000, 0x0000000085200000|  0%| F|  |TAMS 0x0000000085100000, 0x0000000085100000| Untracked 
|  48|0x0000000085200000, 0x0000000085200000, 0x0000000085300000|  0%| F|  |TAMS 0x0000000085200000, 0x0000000085200000| Untracked 
|  49|0x0000000085300000, 0x0000000085300000, 0x0000000085400000|  0%| F|  |TAMS 0x0000000085300000, 0x0000000085300000| Untracked 
|  50|0x0000000085400000, 0x0000000085400000, 0x0000000085500000|  0%| F|  |TAMS 0x0000000085400000, 0x0000000085400000| Untracked 
|  51|0x0000000085500000, 0x0000000085500000, 0x0000000085600000|  0%| F|  |TAMS 0x0000000085500000, 0x0000000085500000| Untracked 
|  52|0x0000000085600000, 0x0000000085600000, 0x0000000085700000|  0%| F|  |TAMS 0x0000000085600000, 0x0000000085600000| Untracked 
|  53|0x0000000085700000, 0x0000000085700000, 0x0000000085800000|  0%| F|  |TAMS 0x0000000085700000, 0x0000000085700000| Untracked 
|  54|0x0000000085800000, 0x0000000085800000, 0x0000000085900000|  0%| F|  |TAMS 0x0000000085800000, 0x0000000085800000| Untracked 
|  55|0x0000000085900000, 0x0000000085900000, 0x0000000085a00000|  0%| F|  |TAMS 0x0000000085900000, 0x0000000085900000| Untracked 
|  56|0x0000000085a00000, 0x0000000085a00000, 0x0000000085b00000|  0%| F|  |TAMS 0x0000000085a00000, 0x0000000085a00000| Untracked 
|  57|0x0000000085b00000, 0x0000000085b00000, 0x0000000085c00000|  0%| F|  |TAMS 0x0000000085b00000, 0x0000000085b00000| Untracked 
|  58|0x0000000085c00000, 0x0000000085c00000, 0x0000000085d00000|  0%| F|  |TAMS 0x0000000085c00000, 0x0000000085c00000| Untracked 
|  59|0x0000000085d00000, 0x0000000085d00000, 0x0000000085e00000|  0%| F|  |TAMS 0x0000000085d00000, 0x0000000085d00000| Untracked 
|  60|0x0000000085e00000, 0x0000000085e00000, 0x0000000085f00000|  0%| F|  |TAMS 0x0000000085e00000, 0x0000000085e00000| Untracked 
|  61|0x0000000085f00000, 0x0000000085f00000, 0x0000000086000000|  0%| F|  |TAMS 0x0000000085f00000, 0x0000000085f00000| Untracked 
|  62|0x0000000086000000, 0x0000000086000000, 0x0000000086100000|  0%| F|  |TAMS 0x0000000086000000, 0x0000000086000000| Untracked 
|  63|0x0000000086100000, 0x0000000086100000, 0x0000000086200000|  0%| F|  |TAMS 0x0000000086100000, 0x0000000086100000| Untracked 
|  64|0x0000000086200000, 0x0000000086200000, 0x0000000086300000|  0%| F|  |TAMS 0x0000000086200000, 0x0000000086200000| Untracked 
|  65|0x0000000086300000, 0x0000000086300000, 0x0000000086400000|  0%| F|  |TAMS 0x0000000086300000, 0x0000000086300000| Untracked 
|  66|0x0000000086400000, 0x0000000086400000, 0x0000000086500000|  0%| F|  |TAMS 0x0000000086400000, 0x0000000086400000| Untracked 
|  67|0x0000000086500000, 0x0000000086500000, 0x0000000086600000|  0%| F|  |TAMS 0x0000000086500000, 0x0000000086500000| Untracked 
|  68|0x0000000086600000, 0x0000000086600000, 0x0000000086700000|  0%| F|  |TAMS 0x0000000086600000, 0x0000000086600000| Untracked 
|  69|0x0000000086700000, 0x0000000086700000, 0x0000000086800000|  0%| F|  |TAMS 0x0000000086700000, 0x0000000086700000| Untracked 
|  70|0x0000000086800000, 0x0000000086800000, 0x0000000086900000|  0%| F|  |TAMS 0x0000000086800000, 0x0000000086800000| Untracked 
|  71|0x0000000086900000, 0x0000000086900000, 0x0000000086a00000|  0%| F|  |TAMS 0x0000000086900000, 0x0000000086900000| Untracked 
|  72|0x0000000086a00000, 0x0000000086a00000, 0x0000000086b00000|  0%| F|  |TAMS 0x0000000086a00000, 0x0000000086a00000| Untracked 
|  73|0x0000000086b00000, 0x0000000086b00000, 0x0000000086c00000|  0%| F|  |TAMS 0x0000000086b00000, 0x0000000086b00000| Untracked 
|  74|0x0000000086c00000, 0x0000000086c00000, 0x0000000086d00000|  0%| F|  |TAMS 0x0000000086c00000, 0x0000000086c00000| Untracked 
|  75|0x0000000086d00000, 0x0000000086d00000, 0x0000000086e00000|  0%| F|  |TAMS 0x0000000086d00000, 0x0000000086d00000| Untracked 
|  76|0x0000000086e00000, 0x0000000086e00000, 0x0000000086f00000|  0%| F|  |TAMS 0x0000000086e00000, 0x0000000086e00000| Untracked 
|  77|0x0000000086f00000, 0x0000000086f00000, 0x0000000087000000|  0%| F|  |TAMS 0x0000000086f00000, 0x0000000086f00000| Untracked 
|  78|0x0000000087000000, 0x0000000087000000, 0x0000000087100000|  0%| F|  |TAMS 0x0000000087000000, 0x0000000087000000| Untracked 
|  79|0x0000000087100000, 0x0000000087100000, 0x0000000087200000|  0%| F|  |TAMS 0x0000000087100000, 0x0000000087100000| Untracked 
|  80|0x0000000087200000, 0x0000000087200000, 0x0000000087300000|  0%| F|  |TAMS 0x0000000087200000, 0x0000000087200000| Untracked 
|  81|0x0000000087300000, 0x0000000087300000, 0x0000000087400000|  0%| F|  |TAMS 0x0000000087300000, 0x0000000087300000| Untracked 
|  82|0x0000000087400000, 0x0000000087400000, 0x0000000087500000|  0%| F|  |TAMS 0x0000000087400000, 0x0000000087400000| Untracked 
|  83|0x0000000087500000, 0x0000000087500000, 0x0000000087600000|  0%| F|  |TAMS 0x0000000087500000, 0x0000000087500000| Untracked 
|  84|0x0000000087600000, 0x0000000087600000, 0x0000000087700000|  0%| F|  |TAMS 0x0000000087600000, 0x0000000087600000| Untracked 
|  85|0x0000000087700000, 0x0000000087700000, 0x0000000087800000|  0%| F|  |TAMS 0x0000000087700000, 0x0000000087700000| Untracked 
|  86|0x0000000087800000, 0x0000000087800000, 0x0000000087900000|  0%| F|  |TAMS 0x0000000087800000, 0x0000000087800000| Untracked 
|  87|0x0000000087900000, 0x0000000087900000, 0x0000000087a00000|  0%| F|  |TAMS 0x0000000087900000, 0x0000000087900000| Untracked 
|  88|0x0000000087a00000, 0x0000000087a00000, 0x0000000087b00000|  0%| F|  |TAMS 0x0000000087a00000, 0x0000000087a00000| Untracked 
|  89|0x0000000087b00000, 0x0000000087b00000, 0x0000000087c00000|  0%| F|  |TAMS 0x0000000087b00000, 0x0000000087b00000| Untracked 
|  90|0x0000000087c00000, 0x0000000087c00000, 0x0000000087d00000|  0%| F|  |TAMS 0x0000000087c00000, 0x0000000087c00000| Untracked 
|  91|0x0000000087d00000, 0x0000000087d00000, 0x0000000087e00000|  0%| F|  |TAMS 0x0000000087d00000, 0x0000000087d00000| Untracked 
|  92|0x0000000087e00000, 0x0000000087e00000, 0x0000000087f00000|  0%| F|  |TAMS 0x0000000087e00000, 0x0000000087e00000| Untracked 
|  93|0x0000000087f00000, 0x0000000087f00000, 0x0000000088000000|  0%| F|  |TAMS 0x0000000087f00000, 0x0000000087f00000| Untracked 
|  94|0x0000000088000000, 0x0000000088000000, 0x0000000088100000|  0%| F|  |TAMS 0x0000000088000000, 0x0000000088000000| Untracked 
|  95|0x0000000088100000, 0x0000000088100000, 0x0000000088200000|  0%| F|  |TAMS 0x0000000088100000, 0x0000000088100000| Untracked 
|  96|0x0000000088200000, 0x0000000088200000, 0x0000000088300000|  0%| F|  |TAMS 0x0000000088200000, 0x0000000088200000| Untracked 
|  97|0x0000000088300000, 0x0000000088300000, 0x0000000088400000|  0%| F|  |TAMS 0x0000000088300000, 0x0000000088300000| Untracked 
|  98|0x0000000088400000, 0x0000000088400000, 0x0000000088500000|  0%| F|  |TAMS 0x0000000088400000, 0x0000000088400000| Untracked 
|  99|0x0000000088500000, 0x0000000088500000, 0x0000000088600000|  0%| F|  |TAMS 0x0000000088500000, 0x0000000088500000| Untracked 
| 100|0x0000000088600000, 0x0000000088600000, 0x0000000088700000|  0%| F|  |TAMS 0x0000000088600000, 0x0000000088600000| Untracked 
| 101|0x0000000088700000, 0x0000000088700000, 0x0000000088800000|  0%| F|  |TAMS 0x0000000088700000, 0x0000000088700000| Untracked 
| 102|0x0000000088800000, 0x0000000088800000, 0x0000000088900000|  0%| F|  |TAMS 0x0000000088800000, 0x0000000088800000| Untracked 
| 103|0x0000000088900000, 0x0000000088900000, 0x0000000088a00000|  0%| F|  |TAMS 0x0000000088900000, 0x0000000088900000| Untracked 
| 104|0x0000000088a00000, 0x0000000088a00000, 0x0000000088b00000|  0%| F|  |TAMS 0x0000000088a00000, 0x0000000088a00000| Untracked 
| 105|0x0000000088b00000, 0x0000000088b00000, 0x0000000088c00000|  0%| F|  |TAMS 0x0000000088b00000, 0x0000000088b00000| Untracked 
| 106|0x0000000088c00000, 0x0000000088c00000, 0x0000000088d00000|  0%| F|  |TAMS 0x0000000088c00000, 0x0000000088c00000| Untracked 
| 107|0x0000000088d00000, 0x0000000088d00000, 0x0000000088e00000|  0%| F|  |TAMS 0x0000000088d00000, 0x0000000088d00000| Untracked 
| 108|0x0000000088e00000, 0x0000000088e00000, 0x0000000088f00000|  0%| F|  |TAMS 0x0000000088e00000, 0x0000000088e00000| Untracked 
| 109|0x0000000088f00000, 0x0000000088f00000, 0x0000000089000000|  0%| F|  |TAMS 0x0000000088f00000, 0x0000000088f00000| Untracked 
| 110|0x0000000089000000, 0x0000000089000000, 0x0000000089100000|  0%| F|  |TAMS 0x0000000089000000, 0x0000000089000000| Untracked 
| 111|0x0000000089100000, 0x0000000089200000, 0x0000000089200000|100%| S|CS|TAMS 0x0000000089100000, 0x0000000089100000| Complete 
| 112|0x0000000089200000, 0x0000000089300000, 0x0000000089300000|100%| S|CS|TAMS 0x0000000089200000, 0x0000000089200000| Complete 
| 113|0x0000000089300000, 0x0000000089300000, 0x0000000089400000|  0%| F|  |TAMS 0x0000000089300000, 0x0000000089300000| Untracked 
| 114|0x0000000089400000, 0x0000000089400000, 0x0000000089500000|  0%| F|  |TAMS 0x0000000089400000, 0x0000000089400000| Untracked 
| 115|0x0000000089500000, 0x0000000089500000, 0x0000000089600000|  0%| F|  |TAMS 0x0000000089500000, 0x0000000089500000| Untracked 
| 116|0x0000000089600000, 0x0000000089600000, 0x0000000089700000|  0%| F|  |TAMS 0x0000000089600000, 0x0000000089600000| Untracked 
| 117|0x0000000089700000, 0x0000000089700000, 0x0000000089800000|  0%| F|  |TAMS 0x0000000089700000, 0x0000000089700000| Untracked 
| 118|0x0000000089800000, 0x0000000089800000, 0x0000000089900000|  0%| F|  |TAMS 0x0000000089800000, 0x0000000089800000| Untracked 
| 119|0x0000000089900000, 0x00000000899c2bf8, 0x0000000089a00000| 76%| E|  |TAMS 0x0000000089900000, 0x0000000089900000| Complete 
| 120|0x0000000089a00000, 0x0000000089b00000, 0x0000000089b00000|100%| E|CS|TAMS 0x0000000089a00000, 0x0000000089a00000| Complete 
| 121|0x0000000089b00000, 0x0000000089c00000, 0x0000000089c00000|100%| E|CS|TAMS 0x0000000089b00000, 0x0000000089b00000| Complete 
| 122|0x0000000089c00000, 0x0000000089d00000, 0x0000000089d00000|100%| E|CS|TAMS 0x0000000089c00000, 0x0000000089c00000| Complete 
| 123|0x0000000089d00000, 0x0000000089e00000, 0x0000000089e00000|100%| E|CS|TAMS 0x0000000089d00000, 0x0000000089d00000| Complete 
| 124|0x0000000089e00000, 0x0000000089f00000, 0x0000000089f00000|100%| E|  |TAMS 0x0000000089e00000, 0x0000000089e00000| Complete 
| 125|0x0000000089f00000, 0x000000008a000000, 0x000000008a000000|100%| E|CS|TAMS 0x0000000089f00000, 0x0000000089f00000| Complete 

Card table byte_map: [0x000001bbc9370000,0x000001bbc9760000] _byte_map_base: 0x000001bbc8f5f000

Marking Bits (Prev, Next): (CMBitMap*) 0x000001bbb208d470, (CMBitMap*) 0x000001bbb208d4b0
 Prev Bits: [0x000001bbc9b50000, 0x000001bbcbac8000)
 Next Bits: [0x000001bbcbad0000, 0x000001bbcda48000)

Polling page: 0x000001bbb17f0000

Metaspace:

Usage:
  Non-class:      6.86 MB used.
      Class:    560.08 KB used.
       Both:      7.40 MB used.

Virtual space:
  Non-class space:       64.00 MB reserved,       6.94 MB ( 11%) committed,  1 nodes.
      Class space:        1.00 GB reserved,     640.00 KB ( <1%) committed,  1 nodes.
             Both:        1.06 GB reserved,       7.56 MB ( <1%) committed. 

Chunk freelists:
   Non-Class:  336.00 KB
       Class:  3.20 MB
        Both:  3.53 MB

MaxMetaspaceSize: unlimited
CompressedClassSpaceSize: 1.00 GB
Initial GC threshold: 21.00 MB
Current GC threshold: 21.00 MB
CDS: on
MetaspaceReclaimPolicy: balanced
 - commit_granule_bytes: 65536.
 - commit_granule_words: 8192.
 - virtual_space_node_default_size: 8388608.
 - enlarge_chunks_in_place: 1.
 - new_chunks_are_fully_committed: 0.
 - uncommit_free_chunks: 1.
 - use_allocation_guard: 0.


Internal statistics:

num_allocs_failed_limit: 0.
num_arena_births: 120.
num_arena_deaths: 0.
num_vsnodes_births: 2.
num_vsnodes_deaths: 0.
num_space_committed: 119.
num_space_uncommitted: 0.
num_chunks_returned_to_freelist: 0.
num_chunks_taken_from_freelist: 286.
num_chunk_merges: 0.
num_chunk_splits: 195.
num_chunks_enlarged: 150.
num_inconsistent_stats: 0.

CodeHeap 'non-profiled nmethods': size=120000Kb used=378Kb max_used=378Kb free=119621Kb
 bounds [0x000001bbc1a50000, 0x000001bbc1cc0000, 0x000001bbc8f80000]
CodeHeap 'profiled nmethods': size=120000Kb used=1932Kb max_used=1932Kb free=118067Kb
 bounds [0x000001bbb9f80000, 0x000001bbba1f0000, 0x000001bbc14b0000]
CodeHeap 'non-nmethods': size=5760Kb used=1744Kb max_used=1771Kb free=4015Kb
 bounds [0x000001bbc14b0000, 0x000001bbc1720000, 0x000001bbc1a50000]
 total_blobs=2219 nmethods=1109 adapters=1021
 compilation: enabled
              stopped_count=0, restarted_count=0
 full_count=0

Compilation events (20 events):
Event: 1.731 Thread 0x000001bbcff2af90 1100       1       com.trongthien.zbattle.view.map.Tile::isCover (5 bytes)
Event: 1.731 Thread 0x000001bbcff2af90 nmethod 1100 0x000001bbc1aad890 code [0x000001bbc1aada20, 0x000001bbc1aadaf8]
Event: 1.731 Thread 0x000001bbcff2af90 1101       3       com.badlogic.gdx.graphics.g2d.SpriteBatch::draw (18 bytes)
Event: 1.731 Thread 0x000001bbcff2af90 nmethod 1101 0x000001bbba15f510 code [0x000001bbba15f6c0, 0x000001bbba15f948]
Event: 1.731 Thread 0x000001bbcff2af90 1102       3       com.badlogic.gdx.graphics.g2d.SpriteBatch::draw (307 bytes)
Event: 1.732 Thread 0x000001bbcff2af90 nmethod 1102 0x000001bbba15fa90 code [0x000001bbba15fd00, 0x000001bbba1606e8]
Event: 1.732 Thread 0x000001bbcff2af90 1103       3       java.util.concurrent.ConcurrentHashMap::values (25 bytes)
Event: 1.732 Thread 0x000001bbcff2af90 nmethod 1103 0x000001bbba160c10 code [0x000001bbba160de0, 0x000001bbba161178]
Event: 1.732 Thread 0x000001bbcff2af90 1104       3       java.util.concurrent.ConcurrentHashMap$ValuesView::iterator (34 bytes)
Event: 1.733 Thread 0x000001bbcff2af90 nmethod 1104 0x000001bbba161290 code [0x000001bbba161440, 0x000001bbba161668]
Event: 1.735 Thread 0x000001bbd42680f0 1105       4       com.badlogic.gdx.graphics.g2d.SpriteBatch::draw (18 bytes)
Event: 1.735 Thread 0x000001bbcff2a620 1106       4       com.badlogic.gdx.graphics.g2d.SpriteBatch::draw (307 bytes)
Event: 1.739 Thread 0x000001bbcff2af90 1107       3       java.util.ImmutableCollections$Set12::iterator (9 bytes)
Event: 1.739 Thread 0x000001bbcff2af90 nmethod 1107 0x000001bbba161790 code [0x000001bbba161940, 0x000001bbba161c38]
Event: 1.740 Thread 0x000001bbcff2a620 nmethod 1106 0x000001bbc1aadb90 code [0x000001bbc1aadd20, 0x000001bbc1aae028]
Event: 1.740 Thread 0x000001bbd42680f0 nmethod 1105 0x000001bbc1aae290 code [0x000001bbc1aae420, 0x000001bbc1aae728]
Event: 1.743 Thread 0x000001bbcff2af90 1108       3       com.badlogic.gdx.graphics.g2d.SpriteBatch::draw (18 bytes)
Event: 1.743 Thread 0x000001bbcff2af90 nmethod 1108 0x000001bbba161d10 code [0x000001bbba161ec0, 0x000001bbba162148]
Event: 1.743 Thread 0x000001bbcff2af90 1109       3       com.badlogic.gdx.graphics.g2d.SpriteBatch::draw (307 bytes)
Event: 1.744 Thread 0x000001bbcff2af90 nmethod 1109 0x000001bbba162290 code [0x000001bbba1624e0, 0x000001bbba162e68]

GC Heap History (2 events):
Event: 1.025 GC heap before
{Heap before GC invocations=0 (full 0):
 garbage-first heap   total 129024K, used 13312K [0x0000000082200000, 0x0000000100000000)
  region size 1024K, 13 young (13312K), 0 survivors (0K)
 Metaspace       used 5481K, committed 5696K, reserved 1114112K
  class space    used 351K, committed 448K, reserved 1048576K
}
Event: 1.031 GC heap after
{Heap after GC invocations=1 (full 0):
 garbage-first heap   total 129024K, used 2187K [0x0000000082200000, 0x0000000100000000)
  region size 1024K, 2 young (2048K), 2 survivors (2048K)
 Metaspace       used 5481K, committed 5696K, reserved 1114112K
  class space    used 351K, committed 448K, reserved 1048576K
}

Dll operation events (9 events):
Event: 0.010 Loaded shared library C:\Users\ADMIN\.jdks\openjdk-19.0.2\bin\java.dll
Event: 0.023 Loaded shared library C:\Users\ADMIN\.jdks\openjdk-19.0.2\bin\jsvml.dll
Event: 0.156 Loaded shared library C:\Users\ADMIN\.jdks\openjdk-19.0.2\bin\net.dll
Event: 0.158 Loaded shared library C:\Users\ADMIN\.jdks\openjdk-19.0.2\bin\nio.dll
Event: 0.161 Loaded shared library C:\Users\ADMIN\.jdks\openjdk-19.0.2\bin\zip.dll
Event: 0.265 Loaded shared library C:\Users\ADMIN\.jdks\openjdk-19.0.2\bin\jimage.dll
Event: 0.272 Loaded shared library C:\Users\ADMIN\AppData\Local\Temp\libgdxADMIN\2a9d7f76\gdx64.dll
Event: 0.357 Loaded shared library C:\Users\ADMIN\AppData\Local\Temp\lwjgl_ADMIN\3.3.3+5\x64\lwjgl.dll
Event: 0.833 Loaded shared library C:\Users\ADMIN\AppData\Local\Temp\lwjgl_ADMIN\3.3.3+5\x64\lwjgl_opengl.dll

Deoptimization events (20 events):
Event: 1.673 Thread 0x000001bbb202abf0 Uncommon trap: trap_request=0xffffff45 fr.pc=0x000001bbc1a9d788 relative=0x0000000000000348
Event: 1.673 Thread 0x000001bbb202abf0 Uncommon trap: reason=unstable_if action=reinterpret pc=0x000001bbc1a9d788 method=java.lang.Integer.parseInt(Ljava/lang/String;I)I @ 119 c2
Event: 1.673 Thread 0x000001bbb202abf0 DEOPT PACKING pc=0x000001bbc1a9d788 sp=0x0000005a52ffeee0
Event: 1.673 Thread 0x000001bbb202abf0 DEOPT UNPACKING pc=0x000001bbc1516da3 sp=0x0000005a52ffee58 mode 2
Event: 1.739 Thread 0x000001bbb202abf0 Uncommon trap: trap_request=0xffffffde fr.pc=0x000001bbc1aaabe4 relative=0x00000000000007c4
Event: 1.739 Thread 0x000001bbb202abf0 Uncommon trap: reason=class_check action=maybe_recompile pc=0x000001bbc1aaabe4 method=java.util.HashMap.computeIfAbsent(Ljava/lang/Object;Ljava/util/function/Function;)Ljava/lang/Object; @ 202 c2
Event: 1.739 Thread 0x000001bbb202abf0 DEOPT PACKING pc=0x000001bbc1aaabe4 sp=0x0000005a52ffef50
Event: 1.739 Thread 0x000001bbb202abf0 DEOPT UNPACKING pc=0x000001bbc1516da3 sp=0x0000005a52ffef00 mode 2
Event: 1.739 Thread 0x000001bbb202abf0 Uncommon trap: trap_request=0xffffff45 fr.pc=0x000001bbc1aaaddc relative=0x00000000000009bc
Event: 1.739 Thread 0x000001bbb202abf0 Uncommon trap: reason=unstable_if action=reinterpret pc=0x000001bbc1aaaddc method=java.util.HashMap.computeIfAbsent(Ljava/lang/Object;Ljava/util/function/Function;)Ljava/lang/Object; @ 44 c2
Event: 1.739 Thread 0x000001bbb202abf0 DEOPT PACKING pc=0x000001bbc1aaaddc sp=0x0000005a52ffef50
Event: 1.739 Thread 0x000001bbb202abf0 DEOPT UNPACKING pc=0x000001bbc1516da3 sp=0x0000005a52ffef08 mode 2
Event: 1.740 Thread 0x000001bbb202abf0 Uncommon trap: trap_request=0xffffff45 fr.pc=0x000001bbc1aae6c0 relative=0x00000000000002a0
Event: 1.740 Thread 0x000001bbb202abf0 Uncommon trap: reason=unstable_if action=reinterpret pc=0x000001bbc1aae6c0 method=com.badlogic.gdx.graphics.g2d.SpriteBatch.draw(Lcom/badlogic/gdx/graphics/g2d/TextureRegion;FFFF)V @ 35 c2
Event: 1.740 Thread 0x000001bbb202abf0 DEOPT PACKING pc=0x000001bbc1aae6c0 sp=0x0000005a52fff150
Event: 1.740 Thread 0x000001bbb202abf0 DEOPT UNPACKING pc=0x000001bbc1516da3 sp=0x0000005a52fff040 mode 2
Event: 1.740 Thread 0x000001bbb202abf0 Uncommon trap: trap_request=0xffffff45 fr.pc=0x000001bbc1aadfac relative=0x000000000000028c
Event: 1.740 Thread 0x000001bbb202abf0 Uncommon trap: reason=unstable_if action=reinterpret pc=0x000001bbc1aadfac method=com.badlogic.gdx.graphics.g2d.SpriteBatch.draw(Lcom/badlogic/gdx/graphics/g2d/TextureRegion;FFFF)V @ 35 c2
Event: 1.740 Thread 0x000001bbb202abf0 DEOPT PACKING pc=0x000001bbc1aadfac sp=0x0000005a52fff0c0
Event: 1.741 Thread 0x000001bbb202abf0 DEOPT UNPACKING pc=0x000001bbc1516da3 sp=0x0000005a52fff038 mode 2

Classes loaded (20 events):
Event: 1.340 Loading class org/w3c/dom/Attr
Event: 1.340 Loading class org/w3c/dom/Attr done
Event: 1.340 Loading class com/sun/org/apache/xerces/internal/dom/AttrImpl done
Event: 1.340 Loading class com/sun/org/apache/xerces/internal/dom/DeferredAttrImpl done
Event: 1.373 Loading class java/awt/Point
Event: 1.373 Loading class java/awt/geom/Point2D
Event: 1.373 Loading class java/awt/geom/Point2D done
Event: 1.373 Loading class java/awt/Point done
Event: 1.658 Loading class java/lang/Math$RandomNumberGeneratorHolder
Event: 1.658 Loading class java/lang/Math$RandomNumberGeneratorHolder done
Event: 1.670 Loading class java/io/BufferedReader
Event: 1.670 Loading class java/io/BufferedReader done
Event: 1.671 Loading class sun/nio/cs/StreamDecoder
Event: 1.671 Loading class sun/nio/cs/StreamDecoder done
Event: 1.672 Loading class java/util/regex/Pattern$1
Event: 1.673 Loading class java/util/regex/Pattern$1 done
Event: 1.750 Loading class java/lang/SecurityException
Event: 1.750 Loading class java/lang/SecurityException done
Event: 1.751 Loading class java/lang/reflect/InvocationTargetException
Event: 1.751 Loading class java/lang/reflect/InvocationTargetException done

Classes unloaded (0 events):
No events

Classes redefined (0 events):
No events

Internal exceptions (20 events):
Event: 0.429 Thread 0x000001bbb202abf0 Exception <a 'java/lang/NoSuchMethodError'{0x0000000089931ba8}: 'int java.lang.invoke.DirectMethodHandle$Holder.invokeStaticInit(java.lang.Object, java.lang.Object, long, long)'> (0x0000000089931ba8) 
thrown [s\open\src\hotspot\share\interpreter\linkResolver.cpp, line 774]
Event: 0.430 Thread 0x000001bbb202abf0 Exception <a 'java/lang/NoSuchMethodError'{0x0000000089937cc0}: 'java.lang.Object java.lang.invoke.DirectMethodHandle$Holder.newInvokeSpecial(java.lang.Object, java.lang.Object, long)'> (0x0000000089937cc0) 
thrown [s\open\src\hotspot\share\interpreter\linkResolver.cpp, line 774]
Event: 0.431 Thread 0x000001bbb202abf0 Exception <a 'java/lang/NoSuchMethodError'{0x000000008993bd20}: 'java.lang.Object java.lang.invoke.Invokers$Holder.linkToTargetMethod(java.lang.Object, long, java.lang.Object)'> (0x000000008993bd20) 
thrown [s\open\src\hotspot\share\interpreter\linkResolver.cpp, line 774]
Event: 0.433 Thread 0x000001bbb202abf0 Exception <a 'java/lang/NoSuchMethodError'{0x0000000089943310}: 'int java.lang.invoke.DirectMethodHandle$Holder.invokeStaticInit(java.lang.Object, java.lang.Object, java.lang.Object, long)'> (0x0000000089943310) 
thrown [s\open\src\hotspot\share\interpreter\linkResolver.cpp, line 774]
Event: 0.463 Thread 0x000001bbb202abf0 Exception <a 'sun/nio/fs/WindowsException'{0x00000000899cbba8}> (0x00000000899cbba8) 
thrown [s\open\src\hotspot\share\prims\jni.cpp, line 517]
Event: 0.463 Thread 0x000001bbb202abf0 Exception <a 'sun/nio/fs/WindowsException'{0x00000000899cbf38}> (0x00000000899cbf38) 
thrown [s\open\src\hotspot\share\prims\jni.cpp, line 517]
Event: 0.518 Thread 0x000001bbb202abf0 Exception <a 'sun/nio/fs/WindowsException'{0x0000000089878578}> (0x0000000089878578) 
thrown [s\open\src\hotspot\share\prims\jni.cpp, line 517]
Event: 0.518 Thread 0x000001bbb202abf0 Exception <a 'sun/nio/fs/WindowsException'{0x00000000898788d8}> (0x00000000898788d8) 
thrown [s\open\src\hotspot\share\prims\jni.cpp, line 517]
Event: 0.538 Thread 0x000001bbb202abf0 Exception <a 'java/lang/NoSuchMethodError'{0x00000000898802d0}: 'int java.lang.invoke.Invokers$Holder.invokeExact_MT(java.lang.Object, java.lang.Object)'> (0x00000000898802d0) 
thrown [s\open\src\hotspot\share\interpreter\linkResolver.cpp, line 774]
Event: 0.608 Thread 0x000001bbb202abf0 Exception <a 'sun/nio/fs/WindowsException'{0x000000008970f918}> (0x000000008970f918) 
thrown [s\open\src\hotspot\share\prims\jni.cpp, line 517]
Event: 0.608 Thread 0x000001bbb202abf0 Exception <a 'sun/nio/fs/WindowsException'{0x000000008970fc98}> (0x000000008970fc98) 
thrown [s\open\src\hotspot\share\prims\jni.cpp, line 517]
Event: 0.693 Thread 0x000001bbb202abf0 Exception <a 'java/lang/NoSuchMethodError'{0x000000008974eeb8}: 'java.lang.Object java.lang.invoke.DirectMethodHandle$Holder.newInvokeSpecial(java.lang.Object, long)'> (0x000000008974eeb8) 
thrown [s\open\src\hotspot\share\interpreter\linkResolver.cpp, line 774]
Event: 0.826 Thread 0x000001bbb202abf0 Exception <a 'java/lang/NoSuchMethodError'{0x00000000896918d0}: 'void java.lang.System.load(java.lang.String, java.lang.Class)'> (0x00000000896918d0) 
thrown [s\open\src\hotspot\share\interpreter\linkResolver.cpp, line 774]
Event: 0.827 Thread 0x000001bbb202abf0 Exception <a 'java/lang/NoSuchMethodError'{0x00000000896946d8}: 'void java.lang.System.loadLibrary(java.lang.String, java.lang.Class)'> (0x00000000896946d8) 
thrown [s\open\src\hotspot\share\interpreter\linkResolver.cpp, line 774]
Event: 0.832 Thread 0x000001bbb202abf0 Exception <a 'sun/nio/fs/WindowsException'{0x00000000896a5cc0}> (0x00000000896a5cc0) 
thrown [s\open\src\hotspot\share\prims\jni.cpp, line 517]
Event: 0.832 Thread 0x000001bbb202abf0 Exception <a 'sun/nio/fs/WindowsException'{0x00000000896a6060}> (0x00000000896a6060) 
thrown [s\open\src\hotspot\share\prims\jni.cpp, line 517]
Event: 0.839 Thread 0x000001bbb202abf0 Exception <a 'sun/nio/fs/WindowsException'{0x00000000896b27d8}> (0x00000000896b27d8) 
thrown [s\open\src\hotspot\share\prims\jni.cpp, line 517]
Event: 0.839 Thread 0x000001bbb202abf0 Exception <a 'sun/nio/fs/WindowsException'{0x00000000896b2aa8}> (0x00000000896b2aa8) 
thrown [s\open\src\hotspot\share\prims\jni.cpp, line 517]
Event: 1.365 Thread 0x000001bbb202abf0 Implicit null exception at 0x000001bbc1a9e321 to 0x000001bbc1a9e4e4
Event: 1.739 Thread 0x000001bbb202abf0 Implicit null exception at 0x000001bbc1aaa4ed to 0x000001bbc1aaadc8

VM Operations (16 events):
Event: 0.169 Executing VM operation: HandshakeAllThreads
Event: 0.169 Executing VM operation: HandshakeAllThreads done
Event: 0.269 Executing VM operation: HandshakeAllThreads
Event: 0.269 Executing VM operation: HandshakeAllThreads done
Event: 0.316 Executing VM operation: HandshakeAllThreads
Event: 0.316 Executing VM operation: HandshakeAllThreads done
Event: 0.910 Executing VM operation: HandshakeAllThreads
Event: 0.910 Executing VM operation: HandshakeAllThreads done
Event: 1.025 Executing VM operation: G1CollectForAllocation
Event: 1.032 Executing VM operation: G1CollectForAllocation done
Event: 1.672 Executing VM operation: HandshakeAllThreads
Event: 1.672 Executing VM operation: HandshakeAllThreads done
Event: 1.689 Executing VM operation: HandshakeAllThreads
Event: 1.689 Executing VM operation: HandshakeAllThreads done
Event: 1.745 Executing VM operation: HandshakeAllThreads
Event: 1.745 Executing VM operation: HandshakeAllThreads done

Events (16 events):
Event: 0.024 Thread 0x000001bbb202abf0 Thread added: 0x000001bbb202abf0
Event: 0.047 Thread 0x000001bbcff176f0 Thread added: 0x000001bbcff176f0
Event: 0.047 Thread 0x000001bbcff184e0 Thread added: 0x000001bbcff184e0
Event: 0.047 Thread 0x000001bbcff1a380 Thread added: 0x000001bbcff1a380
Event: 0.047 Thread 0x000001bbcff1ccc0 Thread added: 0x000001bbcff1ccc0
Event: 0.048 Thread 0x000001bbcff1d5f0 Thread added: 0x000001bbcff1d5f0
Event: 0.048 Thread 0x000001bbcff1df20 Thread added: 0x000001bbcff1df20
Event: 0.048 Thread 0x000001bbcff2a620 Thread added: 0x000001bbcff2a620
Event: 0.048 Thread 0x000001bbcff2af90 Thread added: 0x000001bbcff2af90
Event: 0.048 Thread 0x000001bbcff38760 Thread added: 0x000001bbcff38760
Event: 0.146 Thread 0x000001bbd41e6ca0 Thread added: 0x000001bbd41e6ca0
Event: 0.149 Thread 0x000001bbd41ef4c0 Thread added: 0x000001bbd41ef4c0
Event: 0.544 Thread 0x000001bbd4709190 Thread added: 0x000001bbd4709190
Event: 0.710 Thread 0x000001bbd6882980 Thread added: 0x000001bbd6882980
Event: 0.834 Thread 0x000001bbd4709190 Thread exited: 0x000001bbd4709190
Event: 1.355 Thread 0x000001bbd42680f0 Thread added: 0x000001bbd42680f0


Dynamic libraries:
0x00007ff7d6070000 - 0x00007ff7d607e000 	C:\Users\ADMIN\.jdks\openjdk-19.0.2\bin\java.exe
0x00007ffd079e0000 - 0x00007ffd07be9000 	C:\Windows\SYSTEM32\ntdll.dll
0x00007ffd07030000 - 0x00007ffd070ed000 	C:\Windows\System32\KERNEL32.DLL
0x00007ffd04e70000 - 0x00007ffd051f4000 	C:\Windows\System32\KERNELBASE.dll
0x00007ffd05710000 - 0x00007ffd05821000 	C:\Windows\System32\ucrtbase.dll
0x00007ffcf8410000 - 0x00007ffcf842b000 	C:\Users\ADMIN\.jdks\openjdk-19.0.2\bin\VCRUNTIME140.dll
0x00007ffcf88b0000 - 0x00007ffcf88c7000 	C:\Users\ADMIN\.jdks\openjdk-19.0.2\bin\jli.dll
0x00007ffd07650000 - 0x00007ffd077fd000 	C:\Windows\System32\USER32.dll
0x00007ffcf2a70000 - 0x00007ffcf2d15000 	C:\Windows\WinSxS\amd64_microsoft.windows.common-controls_6595b64144ccf1df_6.0.22000.120_none_9d947278b86cc467\COMCTL32.dll
0x00007ffd05360000 - 0x00007ffd05386000 	C:\Windows\System32\win32u.dll
0x00007ffd06e90000 - 0x00007ffd06f33000 	C:\Windows\System32\msvcrt.dll
0x00007ffd05980000 - 0x00007ffd059aa000 	C:\Windows\System32\GDI32.dll
0x00007ffd055f0000 - 0x00007ffd0570e000 	C:\Windows\System32\gdi32full.dll
0x00007ffd05200000 - 0x00007ffd0529d000 	C:\Windows\System32\msvcp_win.dll
0x00007ffd070f0000 - 0x00007ffd07121000 	C:\Windows\System32\IMM32.DLL
0x00007ffcfb0f0000 - 0x00007ffcfb0fc000 	C:\Users\ADMIN\.jdks\openjdk-19.0.2\bin\vcruntime140_1.dll
0x00007ffcf3750000 - 0x00007ffcf37de000 	C:\Users\ADMIN\.jdks\openjdk-19.0.2\bin\msvcp140.dll
0x00007ffc92f30000 - 0x00007ffc93bf0000 	C:\Users\ADMIN\.jdks\openjdk-19.0.2\bin\server\jvm.dll
0x00007ffd05830000 - 0x00007ffd058de000 	C:\Windows\System32\ADVAPI32.dll
0x00007ffd07900000 - 0x00007ffd0799e000 	C:\Windows\System32\sechost.dll
0x00007ffd073d0000 - 0x00007ffd074f1000 	C:\Windows\System32\RPCRT4.dll
0x00007ffce2f70000 - 0x00007ffce2f79000 	C:\Windows\SYSTEM32\WSOCK32.dll
0x00007ffcfe140000 - 0x00007ffcfe173000 	C:\Windows\SYSTEM32\WINMM.dll
0x00007ffd06320000 - 0x00007ffd0638f000 	C:\Windows\System32\WS2_32.dll
0x00007ffcfc970000 - 0x00007ffcfc97a000 	C:\Windows\SYSTEM32\VERSION.dll
0x00007ffd03ec0000 - 0x00007ffd03ed8000 	C:\Windows\SYSTEM32\kernel.appcore.dll
0x00007ffcf8150000 - 0x00007ffcf815a000 	C:\Users\ADMIN\.jdks\openjdk-19.0.2\bin\jimage.dll
0x00007ffd02860000 - 0x00007ffd02a81000 	C:\Windows\SYSTEM32\DBGHELP.DLL
0x00007ffcf63f0000 - 0x00007ffcf6421000 	C:\Windows\SYSTEM32\dbgcore.DLL
0x00007ffd05390000 - 0x00007ffd0540f000 	C:\Windows\System32\bcryptPrimitives.dll
0x00007ffcf7250000 - 0x00007ffcf7276000 	C:\Users\ADMIN\.jdks\openjdk-19.0.2\bin\java.dll
0x00007ffccabd0000 - 0x00007ffccaca7000 	C:\Users\ADMIN\.jdks\openjdk-19.0.2\bin\jsvml.dll
0x00007ffd059b0000 - 0x00007ffd06175000 	C:\Windows\System32\SHELL32.dll
0x00007ffd02f20000 - 0x00007ffd03782000 	C:\Windows\SYSTEM32\windows.storage.dll
0x00007ffd06b10000 - 0x00007ffd06e86000 	C:\Windows\System32\combase.dll
0x00007ffd02db0000 - 0x00007ffd02f17000 	C:\Windows\SYSTEM32\wintypes.dll
0x00007ffd06f40000 - 0x00007ffd0702a000 	C:\Windows\System32\SHCORE.dll
0x00007ffd075e0000 - 0x00007ffd0763d000 	C:\Windows\System32\shlwapi.dll
0x00007ffd04da0000 - 0x00007ffd04dc5000 	C:\Windows\SYSTEM32\profapi.dll
0x00007ffcf7500000 - 0x00007ffcf7513000 	C:\Users\ADMIN\.jdks\openjdk-19.0.2\bin\net.dll
0x00007ffcff3a0000 - 0x00007ffcff4b4000 	C:\Windows\SYSTEM32\WINHTTP.dll
0x00007ffd04370000 - 0x00007ffd043d7000 	C:\Windows\system32\mswsock.dll
0x00007ffcf6cc0000 - 0x00007ffcf6cd6000 	C:\Users\ADMIN\.jdks\openjdk-19.0.2\bin\nio.dll
0x00007ffcf66a0000 - 0x00007ffcf66b8000 	C:\Users\ADMIN\.jdks\openjdk-19.0.2\bin\zip.dll
0x000000006e700000 - 0x000000006e72d000 	C:\Users\ADMIN\AppData\Local\Temp\libgdxADMIN\2a9d7f76\gdx64.dll
0x00007ffcb1df0000 - 0x00007ffcb1e6b000 	C:\Users\ADMIN\AppData\Local\Temp\lwjgl_ADMIN\3.3.3+5\x64\lwjgl.dll
0x00007ffca1180000 - 0x00007ffca13f0000 	C:\Users\ADMIN\AppData\Local\Temp\lwjgl_ADMIN\3.3.3+5\x64\jemalloc.dll
0x00007ffcae750000 - 0x00007ffcae7d2000 	C:\Users\ADMIN\AppData\Local\Temp\lwjgl_ADMIN\3.3.3+5\x64\glfw.dll
0x00007ffcae240000 - 0x00007ffcae285000 	C:\Windows\SYSTEM32\dinput8.dll
0x00007ffcfb210000 - 0x00007ffcfb221000 	C:\Windows\SYSTEM32\xinput1_4.dll
0x00007ffd04aa0000 - 0x00007ffd04aec000 	C:\Windows\SYSTEM32\cfgmgr32.dll
0x00007ffd04a40000 - 0x00007ffd04a73000 	C:\Windows\SYSTEM32\DEVOBJ.dll
0x00007ffd02630000 - 0x00007ffd0265f000 	C:\Windows\SYSTEM32\dwmapi.dll
0x00007ffd020e0000 - 0x00007ffd0218c000 	C:\Windows\system32\uxtheme.dll
0x00007ffd069f0000 - 0x00007ffd06b0d000 	C:\Windows\System32\MSCTF.dll
0x00007ffcf8cd0000 - 0x00007ffcf8e99000 	C:\Windows\SYSTEM32\inputhost.dll
0x00007ffd01e00000 - 0x00007ffd01f31000 	C:\Windows\SYSTEM32\CoreMessaging.dll
0x00007ffd045b0000 - 0x00007ffd045bc000 	C:\Windows\SYSTEM32\CRYPTBASE.DLL
0x00007ffcabb70000 - 0x00007ffcabd37000 	C:\Users\ADMIN\AppData\Local\Temp\lwjgl_ADMIN\3.3.3+5\x64\OpenAL.dll
0x00007ffd06180000 - 0x00007ffd0631a000 	C:\Windows\System32\ole32.dll
0x00007ffd07300000 - 0x00007ffd073af000 	C:\Windows\System32\clbcatq.dll
0x00007ffcf7060000 - 0x00007ffcf70fb000 	C:\Windows\System32\MMDevApi.dll
0x00007ffcf5f90000 - 0x00007ffcf6163000 	C:\Windows\SYSTEM32\AUDIOSES.DLL
0x00007ffd02310000 - 0x00007ffd02325000 	C:\Windows\SYSTEM32\resourcepolicyclient.dll
0x00007ffd04d40000 - 0x00007ffd04d8d000 	C:\Windows\SYSTEM32\powrprof.dll
0x00007ffd04d20000 - 0x00007ffd04d33000 	C:\Windows\SYSTEM32\UMPDC.dll
0x00007ffcf7de0000 - 0x00007ffcf7ee1000 	C:\Windows\SYSTEM32\opengl32.dll
0x00007ffcf8a80000 - 0x00007ffcf8aad000 	C:\Windows\SYSTEM32\GLU32.dll
0x00007ffd021c0000 - 0x00007ffd021f8000 	C:\Windows\SYSTEM32\dxcore.dll
0x00007ffcff220000 - 0x00007ffcff264000 	C:\Windows\SYSTEM32\directxdatabasehelper.dll
0x00007ffd03ee0000 - 0x00007ffd03f14000 	C:\Windows\SYSTEM32\ntmarta.dll
0x00007ffcfd350000 - 0x00007ffcfd48c000 	C:\Windows\System32\AppXDeploymentClient.dll
0x00007ffcfcff0000 - 0x00007ffcfd1e0000 	C:\Windows\SYSTEM32\urlmon.dll
0x00007ffcfcb40000 - 0x00007ffcfcdfe000 	C:\Windows\System32\iertutil.dll
0x00007ffcfcb10000 - 0x00007ffcfcb39000 	C:\Windows\System32\srvcli.dll
0x00007ffd039d0000 - 0x00007ffd039dc000 	C:\Windows\System32\netutils.dll
0x00007ffc87f30000 - 0x00007ffc88ef4000 	C:\Windows\System32\DriverStore\FileRepository\iigd_dch.inf_amd64_22e8552b44b17c6d\ig9icd64.dll
0x00007ffd02200000 - 0x00007ffd022f3000 	C:\Windows\system32\dxgi.dll
0x00007ffc9fb30000 - 0x00007ffc9ff6c000 	C:\Windows\System32\DriverStore\FileRepository\iigd_dch.inf_amd64_22e8552b44b17c6d\igdml64.dll
0x00007ffcfa4f0000 - 0x00007ffcfa826000 	C:\Windows\System32\DriverStore\FileRepository\iigd_dch.inf_amd64_22e8552b44b17c6d\igdgmm64.dll
0x00007ffcc2470000 - 0x00007ffcc51ff000 	C:\Windows\System32\DriverStore\FileRepository\iigd_dch.inf_amd64_22e8552b44b17c6d\igc64.dll
0x00007ffcae1e0000 - 0x00007ffcae23e000 	C:\Users\ADMIN\AppData\Local\Temp\lwjgl_ADMIN\3.3.3+5\x64\lwjgl_opengl.dll
0x00007ffcf10c0000 - 0x00007ffcf11ec000 	C:\Windows\SYSTEM32\textinputframework.dll
0x00007ffd07820000 - 0x00007ffd078f6000 	C:\Windows\System32\OLEAUT32.dll
0x00007ffcfe5a0000 - 0x00007ffcfe90d000 	C:\Windows\SYSTEM32\CoreUIComponents.dll

dbghelp: loaded successfully - version: 4.0.5 - missing functions: none
symbol engine: initialized successfully - sym options: 0x614 - pdb path: .;C:\Users\ADMIN\.jdks\openjdk-19.0.2\bin;C:\Windows\SYSTEM32;C:\Windows\WinSxS\amd64_microsoft.windows.common-controls_6595b64144ccf1df_6.0.22000.120_none_9d947278b86cc467;C:\Users\ADMIN\.jdks\openjdk-19.0.2\bin\server;C:\Users\ADMIN\AppData\Local\Temp\libgdxADMIN\2a9d7f76;C:\Users\ADMIN\AppData\Local\Temp\lwjgl_ADMIN\3.3.3+5\x64;C:\Windows\System32\DriverStore\FileRepository\iigd_dch.inf_amd64_22e8552b44b17c6d

VM Arguments:
jvm_args: -Dfile.encoding=windows-1258 -Duser.country=US -Duser.language=en -Duser.variant 
java_command: com.trongthien.zbattle.DesktopLauncher
java_class_path (initial): D:\code\ZBattle\desktop\build\classes\java\main;D:\code\ZBattle\desktop\build\resources\main;C:\Users\ADMIN\.gradle\caches\modules-2\files-2.1\com.badlogicgames.gdx\gdx-backend-lwjgl3\1.12.1\12a144cacb34f0392cd8354f798d99e4836a51a8\gdx-backend-lwjgl3-1.12.1.jar;C:\Users\ADMIN\.gradle\caches\modules-2\files-2.1\com.badlogicgames.gdx\gdx-platform\1.12.1\5737be5ce3a4e8f9f77c2d9ab95ab479f9c3705f\gdx-platform-1.12.1-natives-desktop.jar;D:\code\ZBattle\core\build\libs\core-1.0.jar;C:\Users\ADMIN\.gradle\caches\modules-2\files-2.1\com.badlogicgames.gdx\gdx\1.12.1\a2d066c09329c457045c284c42d6f37122840aa\gdx-1.12.1.jar;C:\Users\ADMIN\.gradle\caches\modules-2\files-2.1\org.lwjgl\lwjgl-glfw\3.3.3\efa1eb78c5ccd840e9f329717109b5e892d72f8e\lwjgl-glfw-3.3.3.jar;C:\Users\ADMIN\.gradle\caches\modules-2\files-2.1\org.lwjgl\lwjgl-glfw\3.3.3\a03684c5e4b1b1dbbe0d29dbbdc27b985b6840f2\lwjgl-glfw-3.3.3-natives-linux.jar;C:\Users\ADMIN\.gradle\caches\modules-2\files-2.1\org.lwjgl\lwjgl-glfw\3.3.3\d9af485c32545b37dd5359b163161d42d7534dcf\lwjgl-glfw-3.3.3-natives-linux-arm32.jar;C:\Users\ADMIN\.gradle\caches\modules-2\files-2.1\org.lwjgl\lwjgl-glfw\3.3.3\492a0f11f85b85899a6568f07511160c1b87cd38\lwjgl-glfw-3.3.3-natives-linux-arm64.jar;C:\Users\ADMIN\.gradle\caches\modules-2\files-2.1\org.lwjgl\lwjgl-glfw\3.3.3\a1bf400f6bc64e6195596cb1430dafda46090751\lwjgl-glfw-3.3.3-natives-macos.jar;C:\Users\ADMIN\.gradle\caches\modules-2\files-2.1\org.lwjgl\lwjgl-glfw\3.3.3\ee8cc78d0a4a5b3b4600fade6d927c9fc320c858\lwjgl-glfw-3.3.3-natives-macos-arm64.jar;C:\Users\ADMIN\.gradle\caches\modules-2\files-2.1\org.lwjgl\lwjgl-glfw\3.3.3\e449e28b4891fc423c54c85fbc5bb0b9efece67a\lwjgl-glfw-3.3.3-natives-windows.jar;C:\Users\ADMIN\.gradle\caches\modules-2\files-2.1\org.lwjgl\lwjgl-glfw\3.3.3\32334f3fd5270a59bad9939a93115acb6de36dcf\lwjgl-glfw-3.3.3-natives-windows-x86.jar;C:\Users\ADMIN\.gradle\caches\modules-2\files-2.1\org.lwjgl\lwjgl-jemalloc\3.3.3\b543467b7ff3c6920539a88ee602d34098628be5\lwjgl-jemalloc-3.3.3.jar;C:\Users\ADMIN\.gradle\caches\modules-2\files-2.1\org.lwjgl\lwjgl-jemalloc\3.3.3\4f86728bf449b1dd61251c4e0ac01df1389cb51e\lwjgl-jemalloc-3.3.3-natives-linux.jar;C:\Users\ADMIN\.gradle\caches\modules-2\files-2.1\org.lwjgl\lwjgl-jemalloc\3.3.3\109b6931880d02d4e65ced38928a16e41d19873e\lwjgl-jemalloc-3.3.3-natives-linux-arm32.jar;C:\Users\ADMIN\.gradle\caches\modules-2\files-2.1\org.lwjgl\lwjgl-jemalloc\3.3.3\eff8b86798191192fe2cba2dc2776109f30c239d\lwjgl-jemalloc-3.3.3-natives-linux-arm64.jar;C:\Users\ADMIN\.gradle\caches\modules-2\files-2.1\org.lwjgl\lwjgl-jemalloc\3.3.3\2906637657a57579847238c9c72d2c4bde7083f8\lwjgl-jemalloc-3.3.3-natives-macos.jar;C:\Users\ADMIN\.gradle\caches\modules-2\files-2.1\org.lwjgl\lwjgl-jemalloc\3.3.3\e9412c3ff8cb3a3bad1d3f52909ad74d8a5bdad1\lwjgl-jemalloc-3.3.3-natives-macos-arm64.jar;C:\Users\ADMIN\.gradle\caches\modules-2\files-2.1\org.lwjgl\lwjgl-jemalloc\3.3.3\426222fc027602a5f21b9c0fe79cde6a4c7a011f\lwjgl-jemalloc-3.3.3-natives-windows.jar;C:\Users\ADMIN\.gradle\caches\modules-2\files-2.1\org.lwjgl\lwjgl-jemalloc\3.3.3\f6063b6e0f23be483c5c88d84ce51b39dc69126c\lwjgl-jemalloc-3.3.3-natives-windows-x86.jar;C:\Users\ADMIN\.gradle\caches\modules-2\files-2.1\org.lwjgl\lwjgl-openal\3.3.3\daada81ceb5fc0c291fbfdd4433cb8d9423577f2\lwjgl-openal-3.3.3.jar;C:\Users\ADMIN\.gradle\caches\modules-2\files-2.1\org.lwjgl\lwjgl-openal\3.3.3\3037360cc4595079bea240af250b6d1a527e0905\lwjgl-openal-3.3.3-natives-linux.jar;C:\Users\ADMIN\.gradle\caches\modules-2\files-2.1\org.lwjgl\lwjgl-openal\3.3.3\e1702aa09d20359d6cf5cb2999fa7685a785eca7\lwjgl-openal-3.3.3-natives-linux-arm32.jar;C:\Users\ADMIN\.gradle\caches\modules-2\files-2.1\org.lwjgl\lwjgl-openal\3.3.3\ad8f302118a65bb8d615f8a2a680db58fb8f835e\lwjgl-openal-3.3.3-natives-linux-arm64.jar;C:\Users\ADMIN\.gradle\caches\modules-2\files-2.1\org.lwjgl\lwjgl-openal\3.3.3\8df8338bfa77f2ebabef4e58964bd04d24805cbf\lwjgl-openal-3.3.3-natives-macos.jar;C:\Users\ADMIN\.gradle\caches\modules-2\files-2.1\org.lwjgl\lwjgl-openal\3.3.3\c78b078de2fb52f45aa55d04db889a560f3544f\lwjgl-openal-3.3.3-natives-macos-arm64.jar;C:\Users\ADMIN\.gradle\caches\modules-2\files-2.1\org.lwjgl\lwjgl-openal\3.3.3\cf83862ae95d98496b26915024c7e666d8ab1c8f\lwjgl-openal-3.3.3-natives-windows.jar;C:\Users\ADMIN\.gradle\caches\modules-2\files-2.1\org.lwjgl\lwjgl-openal\3.3.3\87b8d5050e3adb46bb58fe1cb2669a4a48fce10d\lwjgl-openal-3.3.3-natives-windows-x86.jar;C:\Users\ADMIN\.gradle\caches\modules-2\files-2.1\org.lwjgl\lwjgl-opengl\3.3.3\2f6b0147078396a58979125a4c947664e98293a\lwjgl-opengl-3.3.3.jar;C:\Users\ADMIN\.gradle\caches\modules-2\files-2.1\org.lwjgl\lwjgl-opengl\3.3.3\62c70a4b00ca5391882b0f4b787c1588d24f1c86\lwjgl-opengl-3.3.3-natives-linux.jar;C:\Users\ADMIN\.gradle\caches\modules-2\files-2.1\org.lwjgl\lwjgl-opengl\3.3.3\dbba17fc5ac0985d14a57c11f9537617d67b9952\lwjgl-opengl-3.3.3-natives-linux-arm32.jar;C:\Users\ADMIN\.gradle\caches\modules-2\files-2.1\org.lwjgl\lwjgl-opengl\3.3.3\2096f6b94b2d68745d858fbfe53aacf5f0c8074c\lwjgl-opengl-3.3.3-natives-linux-arm64.jar;C:\Users\ADMIN\.gradle\caches\modules-2\files-2.1\org.lwjgl\lwjgl-opengl\3.3.3\1bd45997551ae8a28469f3a2b678f4b7289e12c0\lwjgl-opengl-3.3.3-natives-macos.jar;C:\Users\ADMIN\.gradle\caches\modules-2\files-2.1\org.lwjgl\lwjgl-opengl\3.3.3\d213ddef27637b1af87961ffa94d6b27036becc8\lwjgl-opengl-3.3.3-natives-macos-arm64.jar;C:\Users\ADMIN\.gradle\caches\modules-2\files-2.1\org.lwjgl\lwjgl-opengl\3.3.3\e6c1eec8be8a71951b830a4d69efc01c6531900c\lwjgl-opengl-3.3.3-natives-windows.jar;C:\Users\ADMIN\.gradle\caches\modules-2\files-2.1\org.lwjgl\lwjgl-opengl\3.3.3\d32d833dcaa2f355a886eaf21f0408b5f03241d\lwjgl-opengl-3.3.3-natives-windows-x86.jar;C:\Users\ADMIN\.gradle\caches\modules-2\files-2.1\org.lwjgl\lwjgl-stb\3.3.3\25dd6161988d7e65f71d5065c99902402ee32746\lwjgl-stb-3.3.3.jar;C:\Users\ADMIN\.gradle\caches\modules-2\files-2.1\org.lwjgl\lwjgl-stb\3.3.3\fd1271ccd9d85eff2fa31f3fd543e02ccfaf5041\lwjgl-stb-3.3.3-natives-linux.jar;C:\Users\ADMIN\.gradle\caches\modules-2\files-2.1\org.lwjgl\lwjgl-stb\3.3.3\1ae28ff044699ff29b0e980ffabd73fba8a664b3\lwjgl-stb-3.3.3-natives-linux-arm32.jar;C:\Users\ADMIN\.gradle\caches\modules-2\files-2.1\org.lwjgl\lwjgl-stb\3.3.3\ddc177afc2be1ee8d93684b11363b80589a13fe1\lwjgl-stb-3.3.3-natives-linux-arm64.jar;C:\Users\ADMIN\.gradle\caches\modules-2\files-2.1\org.lwjgl\lwjgl-stb\3.3.3\472792c98fb2c1557c060cb9da5fca6a9773621f\lwjgl-stb-3.3.3-natives-macos.jar;C:\Users\ADMIN\.gradle\caches\modules-2\files-2.1\org.lwjgl\lwjgl-stb\3.3.3\51c6955571fbcdb7bb538c6aa589b953b584c6af\lwjgl-stb-3.3.3-natives-macos-arm64.jar;C:\Users\ADMIN\.gradle\caches\modules-2\files-2.1\org.lwjgl\lwjgl-stb\3.3.3\1d9facdf6541de114b0f963be33505b7679c78cb\lwjgl-stb-3.3.3-natives-windows.jar;C:\Users\ADMIN\.gradle\caches\modules-2\files-2.1\org.lwjgl\lwjgl-stb\3.3.3\b5c874687b9aac1a936501d4ed2c49567fd1b575\lwjgl-stb-3.3.3-natives-windows-x86.jar;C:\Users\ADMIN\.gradle\caches\modules-2\files-2.1\org.lwjgl\lwjgl\3.3.3\29589b5f87ed335a6c7e7ee6a5775f81f97ecb84\lwjgl-3.3.3.jar;C:\Users\ADMIN\.gradle\caches\modules-2\files-2.1\org.lwjgl\lwjgl\3.3.3\1713758e3660ba66e1e954396fd18126038b33c0\lwjgl-3.3.3-natives-linux.jar;C:\Users\ADMIN\.gradle\caches\modules-2\files-2.1\org.lwjgl\lwjgl\3.3.3\2075c51a80f0ef0f22ba616ba54007ac2b0debd4\lwjgl-3.3.3-natives-linux-arm32.jar;C:\Users\ADMIN\.gradle\caches\modules-2\files-2.1\org.lwjgl\lwjgl\3.3.3\f35d8b6ffe1ac1e3a5eb1d4e33de80f044ad5fd8\lwjgl-3.3.3-natives-linux-arm64.jar;C:\Users\ADMIN\.gradle\caches\modules-2\files-2.1\org.lwjgl\lwjgl\3.3.3\33a6efa288390490ce6eb6c3df47ac21ecf648cf\lwjgl-3.3.3-natives-macos.jar;C:\Users\ADMIN\.gradle\caches\modules-2\files-2.1\org.lwjgl\lwjgl\3.3.3\226246e75f6bd8d4e1895bdce8638ef87808d114\lwjgl-3.3.3-natives-macos-arm64.jar;C:\Users\ADMIN\.gradle\caches\modules-2\files-2.1\org.lwjgl\lwjgl\3.3.3\a5ed18a2b82fc91b81f40d717cb1f64c9dcb0540\lwjgl-3.3.3-natives-windows.jar;C:\Users\ADMIN\.gradle\caches\modules-2\files-2.1\org.lwjgl\lwjgl\3.3.3\9e670718e050aeaeea0c2d5b907cffb142f2e58f\lwjgl-3.3.3-natives-windows-x86.jar;C:\Users\ADMIN\.gradle\caches\modules-2\files-2.1\com.badlogicgames.jlayer\jlayer\1.0.1-gdx\7cca83cec5c1b2f011362f4d85aabd71a73b049d\jlayer-1.0.1-gdx.jar;C:\Users\ADMIN\.gradle\caches\modules-2\files-2.1\org.jcraft\jorbis\0.0.17\8872d22b293e8f5d7d56ff92be966e6dc28ebdc6\jorbis-0.0.17.jar;C:\Users\ADMIN\.gradle\caches\modules-2\files-2.1\com.badlogicgames.gdx\gdx-jnigen-loader\2.3.1\2d472f69243631fbcb3d4c3f93dd2e137a6cb084\gdx-jnigen-loader-2.3.1.jar
Launcher Type: SUN_STANDARD

[Global flags]
     intx CICompilerCount                          = 3                                         {product} {ergonomic}
     uint ConcGCThreads                            = 1                                         {product} {ergonomic}
     uint G1ConcRefinementThreads                  = 4                                         {product} {ergonomic}
   size_t G1HeapRegionSize                         = 1048576                                   {product} {ergonomic}
    uintx GCDrainStackTargetSize                   = 64                                        {product} {ergonomic}
   size_t InitialHeapSize                          = 132120576                                 {product} {ergonomic}
   size_t MarkStackSize                            = 4194304                                   {product} {ergonomic}
   size_t MaxHeapSize                              = 2111832064                                {product} {ergonomic}
   size_t MaxNewSize                               = 1266679808                                {product} {ergonomic}
   size_t MinHeapDeltaBytes                        = 1048576                                   {product} {ergonomic}
   size_t MinHeapSize                              = 8388608                                   {product} {ergonomic}
    uintx NonNMethodCodeHeapSize                   = 5832780                                {pd product} {ergonomic}
    uintx NonProfiledCodeHeapSize                  = 122912730                              {pd product} {ergonomic}
    uintx ProfiledCodeHeapSize                     = 122912730                              {pd product} {ergonomic}
    uintx ReservedCodeCacheSize                    = 251658240                              {pd product} {ergonomic}
     bool SegmentedCodeCache                       = true                                      {product} {ergonomic}
   size_t SoftMaxHeapSize                          = 2111832064                             {manageable} {ergonomic}
     bool UseCompressedClassPointers               = true                           {product lp64_product} {ergonomic}
     bool UseCompressedOops                        = true                           {product lp64_product} {ergonomic}
     bool UseG1GC                                  = true                                      {product} {ergonomic}
     bool UseLargePagesIndividualAllocation        = false                                  {pd product} {ergonomic}

Logging:
Log output configuration:
 #0: stdout all=warning uptime,level,tags foldmultilines=false
 #1: stderr all=off uptime,level,tags foldmultilines=false

Environment Variables:
PATH=C:\Program Files (x86)\VMware\VMware Workstation\bin\;C:\Windows\system32;C:\Windows;C:\Windows\System32\Wbem;C:\Windows\System32\WindowsPowerShell\v1.0\;C:\Windows\System32\OpenSSH\;C:\Program Files\dotnet\;C:\Program Files\Git\cmd;C:\Program Files (x86)\ZeroTier\One\;C:\Program Files (x86)\Intel\Intel(R) Management Engine Components\DAL;C:\Program Files\Intel\Intel(R) Management Engine Components\DAL;C:\Program Files\Microsoft SQL Server\Client SDK\ODBC\170\Tools\Binn\;C:\Program Files (x86)\Microsoft SQL Server\150\Tools\Binn\;C:\Program Files\Microsoft SQL Server\150\Tools\Binn\;C:\Program Files\Microsoft SQL Server\150\DTS\Binn\;C:\Program Files (x86)\Microsoft SQL Server\160\DTS\Binn\;C:\Program Files\Azure Data Studio\bin;C:\Program Files\Cloudflare\Cloudflare WARP\;D:\Python\Python312\Scripts\;D:\Python\Python312\;C:\Users\ADMIN\AppData\Local\Microsoft\WindowsApps;C:\Users\ADMIN\AppData\Local\Programs\Microsoft VS Code\bin;C:\mingw64\bin;C:\Program Files\JetBrains\IntelliJ IDEA Community Edition 2022.3.2\bin;;C:\Users\ADMIN\Downloads\platform-tools_r34.0.0-windows\platform-tools;;C:\Program Files\Azure Data Studio\bin
USERNAME=ADMIN
OS=Windows_NT
PROCESSOR_IDENTIFIER=Intel64 Family 6 Model 78 Stepping 3, GenuineIntel
TMP=C:\Users\ADMIN\AppData\Local\Temp
TEMP=C:\Users\ADMIN\AppData\Local\Temp



---------------  S Y S T E M  ---------------

OS:
 Windows 11 , 64 bit Build 22000 (10.0.22000.2538)
OS uptime: 10 days 7:39 hours

CPU: total 4 (initial active 4) (2 cores per cpu, 2 threads per core) family 6 model 78 stepping 3 microcode 0xf0, cx8, cmov, fxsr, ht, mmx, 3dnowpref, sse, sse2, sse3, ssse3, sse4.1, sse4.2, popcnt, lzcnt, tsc, tscinvbit, avx, avx2, aes, erms, clmul, bmi1, bmi2, rtm, adx, fma, vzeroupper, clflush, clflushopt, rdtscp

Memory: 4k page, system-wide physical 8050M (632M free)
TotalPageFile size 15195M (AvailPageFile size 2496M)
current process WorkingSet (physical memory assigned to process): 184M, peak: 198M
current process commit charge ("private bytes"): 309M, peak: 325M

vm_info: OpenJDK 64-Bit Server VM (19.0.2+7-44) for windows-amd64 JRE (19.0.2+7-44), built on 2022-11-30T18:02:09Z by "mach5one" with MS VC++ 17.1 (VS2022)

END.
