#
# A fatal error has been detected by the Java Runtime Environment:
#
#  EXCEPTION_ACCESS_VIOLATION (0xc0000005) at pc=0x00007ffd07a0b4f3, pid=40776, tid=30348
#
# JRE version: OpenJDK Runtime Environment (19.0.2+7) (build 19.0.2+7-44)
# Java VM: OpenJDK 64-Bit Server VM (19.0.2+7-44, mixed mode, sharing, tiered, compressed oops, compressed class ptrs, g1 gc, windows-amd64)
# Problematic frame:
# C  [ntdll.dll+0x2b4f3]
#
# No core dump will be written. Minidumps are not enabled by default on client versions of Windows
#
# If you would like to submit a bug report, please visit:
#   https://bugreport.java.com/bugreport/crash.jsp
# The crash happened outside the Java Virtual Machine in native code.
# See problematic frame for where to report the bug.
#

---------------  S U M M A R Y ------------

Command Line: -Dfile.encoding=windows-1258 -Duser.country=US -Duser.language=en -Duser.variant com.trongthien.zbattle.DesktopLauncher

Host: Intel(R) Core(TM) i5-6300U CPU @ 2.40GHz, 4 cores, 7G,  Windows 11 , 64 bit Build 22000 (10.0.22000.2538)
Time: Mon Mar  4 22:39:05 2024 SE Asia Standard Time elapsed time: 2.036976 seconds (0d 0h 0m 2s)

---------------  T H R E A D  ---------------

Current thread (0x00000180da08b080):  JavaThread "main" [_thread_in_native, id=30348, stack(0x0000006b51e00000,0x0000006b51f00000)]

Stack: [0x0000006b51e00000,0x0000006b51f00000],  sp=0x0000006b51efe920,  free space=1018k
Native frames: (J=compiled Java code, j=interpreted, Vv=VM code, C=native code)
C  [ntdll.dll+0x2b4f3]
C  [ntdll.dll+0x2929c]
C  [msvcrt.dll+0x1c750]
C  [gdx64.dll+0x13613]

Java frames: (J=compiled Java code, j=interpreted, Vv=VM code)
j  com.badlogic.gdx.graphics.g2d.Gdx2DPixmap.newPixmap([JIII)Ljava/nio/ByteBuffer;+0
j  com.badlogic.gdx.graphics.g2d.Gdx2DPixmap.<init>(III)V+19
j  com.badlogic.gdx.graphics.Pixmap.<init>(IILcom/badlogic/gdx/graphics/Pixmap$Format;)V+34
j  com.trongthien.zbattle.view.entity.HealthBar.draw(Lcom/badlogic/gdx/graphics/g2d/SpriteBatch;FFFF)V+13
j  com.trongthien.zbattle.model.Enemy.draw(Lcom/badlogic/gdx/graphics/g2d/SpriteBatch;Lcom/trongthien/zbattle/view/map/Camera;)V+177
j  com.trongthien.zbattle.view.map.GameMap.drawEntities(Lcom/badlogic/gdx/graphics/g2d/SpriteBatch;Lcom/trongthien/zbattle/view/map/Camera;)V+32
j  com.trongthien.zbattle.view.map.GameMap.draw(Lcom/badlogic/gdx/graphics/g2d/SpriteBatch;Lcom/trongthien/zbattle/view/map/Camera;)V+9
j  com.trongthien.zbattle.MainGame.render()V+25
j  com.badlogic.gdx.backends.lwjgl3.Lwjgl3Window.update()Z+187
j  com.badlogic.gdx.backends.lwjgl3.Lwjgl3Application.loop()V+111
j  com.badlogic.gdx.backends.lwjgl3.Lwjgl3Application.<init>(Lcom/badlogic/gdx/ApplicationListener;Lcom/badlogic/gdx/backends/lwjgl3/Lwjgl3ApplicationConfiguration;)V+269
j  com.trongthien.zbattle.DesktopLauncher.main([Ljava/lang/String;)V+111
v  ~StubRoutines::call_stub 0x00000180e951100e

siginfo: EXCEPTION_ACCESS_VIOLATION (0xc0000005), reading address 0xffffffffffffffff


Registers:
RAX=0x0000000000ea0003, RBX=0x00000180d80a0000, RCX=0x00000000000003e9, RDX=0x0000000000000003
RSP=0x0000006b51efe920, RBP=0x0000006b51efec19, RSI=0xff000000ff000000, RDI=0x00000000ea0003e9
R8 =0x00000180fe1c4160, R9 =0x0000000000000290, R10=0x00000000ffffffff, R11=0x00007ffd07b16930
R12=0xff000000ff000000, R13=0x0000000000000029, R14=0x00000180fe1c4170, R15=0x00000180fe1c4160
RIP=0x00007ffd07a0b4f3, EFLAGS=0x0000000000010206


Register to memory mapping:

RIP=0x00007ffd07a0b4f3 ntdll.dll
RAX=0x0000000000ea0003 is an unknown value
RBX=0x00000180d80a0000 points into unknown readable memory: 0x0000000000000000 | 00 00 00 00 00 00 00 00
RCX=0x00000000000003e9 is an unknown value
RDX=0x0000000000000003 is an unknown value
RSP=0x0000006b51efe920 is pointing into the stack for thread: 0x00000180da08b080
RBP=0x0000006b51efec19 is pointing into the stack for thread: 0x00000180da08b080
RSI=0xff000000ff000000 is an unknown value
RDI=0x00000000ea0003e9 is an unallocated location in the heap
R8 =0x00000180fe1c4160 points into unknown readable memory: 0x0000000000000000 | 00 00 00 00 00 00 00 00
R9 =0x0000000000000290 is an unknown value
R10=0x00000000ffffffff is an unallocated location in the heap
R11=0x00007ffd07b16930 ntdll.dll
R12=0xff000000ff000000 is an unknown value
R13=0x0000000000000029 is an unknown value
R14=0x00000180fe1c4170 points into unknown readable memory: 0xff000000ff000000 | 00 00 00 ff 00 00 00 ff
R15=0x00000180fe1c4160 points into unknown readable memory: 0x0000000000000000 | 00 00 00 00 00 00 00 00


Top of Stack: (sp=0x0000006b51efe920)
0x0000006b51efe920:   0000000000000000 0000000000000000
0x0000006b51efe930:   00000180da08b080 00000180f7e8e660
0x0000006b51efe940:   00000180da08b080 0000000089eae838
0x0000006b51efe950:   00000001f874ab01 0000000000000029
0x0000006b51efe960:   00000180da08b080 0000000000000000
0x0000006b51efe970:   0000000000000000 0000018000000001
0x0000006b51efe980:   0000000000000000 0000000000000000
0x0000006b51efe990:   00000180f8700ea8 0000000000000000
0x0000006b51efe9a0:   0000006b51efe9b8 0000006b51efea08
0x0000006b51efe9b0:   00000180fe1c4160 0000000000000001
0x0000006b51efe9c0:   0000006b51efe9c0 00000180f86ac429
0x0000006b51efe9d0:   0000006b51efea20 0000000000000029
0x0000006b51efe9e0:   0000000000000000 00000000892859f0
0x0000006b51efe9f0:   00000180f86ac450 00000180d80a0150
0x0000006b51efea00:   0000006b51efea18 0000006b51efea70
0x0000006b51efea10:   00000180e952bbf2 0000000000000001 

Instructions: (pc=0x00007ffd07a0b4f3)
0x00007ffd07a0b3f3:   08 44 2b 4e 18 41 c1 e9 05 41 ff c9 48 8b 46 28
0x00007ffd07a0b403:   4c 8d 04 b8 4c 89 84 24 d0 00 00 00 41 83 e7 1f
0x00007ffd07a0b413:   41 8b d2 41 0f b6 cf d3 e2 41 23 10 90 85 d2 75
0x00007ffd07a0b423:   20 41 3b f9 0f 87 19 10 00 00 49 83 c0 04 4c 89
0x00007ffd07a0b433:   84 24 d0 00 00 00 41 8b 10 ff c7 89 7c 24 6c eb
0x00007ffd07a0b443:   dc 8b ca 66 85 d2 0f 85 35 05 00 00 f7 c2 00 00
0x00007ffd07a0b453:   ff 00 0f 85 70 05 00 00 48 c1 e9 18 42 0f b6 0c
0x00007ffd07a0b463:   19 83 c1 18 c1 e7 05 03 f9 89 7c 24 6c 44 39 76
0x00007ffd07a0b473:   0c 0f 85 6e 13 00 00 48 8b 46 30 4c 8b 34 f8 4d
0x00007ffd07a0b483:   85 f6 0f 84 c3 0f 00 00 4c 39 b4 24 d8 00 00 00
0x00007ffd07a0b493:   0f 84 73 05 00 00 4d 8d 7e f0 4c 89 bc 24 90 00
0x00007ffd07a0b4a3:   00 00 83 7b 7c 00 74 27 8b 93 88 00 00 00 41 33
0x00007ffd07a0b4b3:   57 08 41 89 57 08 8b ca c1 e9 10 8b c2 c1 e8 08
0x00007ffd07a0b4c3:   32 c8 32 ca c1 ea 18 3a d1 0f 85 1d 13 00 00 41
0x00007ffd07a0b4d3:   0f b7 4f 08 0f b7 d1 66 c1 ea 08 4c 8b 6c 24 38
0x00007ffd07a0b4e3:   49 3b cd 0f 82 34 13 00 00 49 8b 36 4d 8b 67 18
0x00007ffd07a0b4f3:   49 8b 04 24 4c 8b 4e 08 49 3b c1 0f 85 fb 12 00
0x00007ffd07a0b503:   00 49 3b c6 0f 85 f2 12 00 00 48 29 8b c0 00 00
0x00007ffd07a0b513:   00 48 8b 93 38 01 00 00 48 85 d2 74 3e 41 0f b7
0x00007ffd07a0b523:   4f 08 66 66 66 0f 1f 84 00 00 00 00 00 8b 42 08
0x00007ffd07a0b533:   48 3b c8 0f 83 4f 01 00 00 48 8b c1 48 89 8c 24
0x00007ffd07a0b543:   e0 00 00 00 48 89 4c 24 28 89 44 24 20 4d 8b ce
0x00007ffd07a0b553:   41 b0 01 48 8b cb e8 32 32 00 00 49 89 34 24 4c
0x00007ffd07a0b563:   89 66 08 49 8d 7f 0a f6 07 08 0f 85 7a 05 00 00
0x00007ffd07a0b573:   4d 8b e7 4c 89 7c 24 38 44 0f b6 37 44 88 74 24
0x00007ffd07a0b583:   40 44 8b 54 24 34 45 85 d2 0f 84 89 05 00 00 4c
0x00007ffd07a0b593:   89 bc 24 80 00 00 00 f6 07 01 0f 85 ec 12 00 00
0x00007ffd07a0b5a3:   8b 44 24 58 88 07 41 0f b7 7f 08 49 2b fd 66 45
0x00007ffd07a0b5b3:   89 6f 08 48 8b 8c 24 78 02 00 00 48 2b 8c 24 70
0x00007ffd07a0b5c3:   02 00 00 48 89 8c 24 78 01 00 00 48 83 f9 3f 0f
0x00007ffd07a0b5d3:   83 db 12 00 00 41 88 4f 0f 41 c6 47 0b 00 48 85
0x00007ffd07a0b5e3:   ff 0f 84 1a 04 00 00 48 83 ff 01 0f 84 d2 04 00 


Stack slot to memory mapping:
stack at sp + 0 slots: 0x0 is NULL
stack at sp + 1 slots: 0x0 is NULL
stack at sp + 2 slots: 0x00000180da08b080 is a thread
stack at sp + 3 slots: 0x00000180f7e8e660 points into unknown readable memory: 0x72640004ed7affff | ff ff 7a ed 04 00 64 72
stack at sp + 4 slots: 0x00000180da08b080 is a thread
stack at sp + 5 slots: 0x0000000089eae838 is an oop: java.lang.Class 
{0x0000000089eae838} - klass: 'java/lang/Class'
 - ---- fields (total size 54 words):
 - private volatile transient 'classRedefinedCount' 'I' @12  0
 - abstract internal 'klass' 'J' @16  34377173920 (10a0ba0 8)
 - abstract internal 'array_klass' 'J' @24  0 (0 0)
 - abstract internal 'oop_size' 'I' @32  54 (36)
 - abstract internal 'static_oop_field_count' 'I' @36  0
 - private volatile transient 'cachedConstructor' 'Ljava/lang/reflect/Constructor;' @40  NULL (0)
 - private transient 'name' 'Ljava/lang/String;' @44  "org.lwjgl.opengl.GL20C"{0x0000000089eae9f8} (89eae9f8)
 - private transient 'module' 'Ljava/lang/Module;' @48  a 'java/lang/Module'{0x0000000089248af0} (89248af0)
 - private final 'classLoader' 'Ljava/lang/ClassLoader;' @52  a 'jdk/internal/loader/ClassLoaders$AppClassLoader'{0x0000000089200000} (89200000)
 - private transient 'classData' 'Ljava/lang/Object;' @56  NULL (0)
 - private transient 'packageName' 'Ljava/lang/String;' @60  "org.lwjgl.opengl"{0x00000000892b4148} (892b4148)
 - private final 'componentType' 'Ljava/lang/Class;' @64  NULL (0)
 - private volatile transient 'reflectionData' 'Ljava/lang/ref/SoftReference;' @68  NULL (0)
 - private volatile transient 'genericInfo' 'Lsun/reflect/generics/repository/ClassRepository;' @72  NULL (0)
 - private volatile transient 'enumConstants' '[Ljava/lang/Object;' @76  NULL (0)
 - private volatile transient 'enumConstantDirectory' 'Ljava/util/Map;' @80  NULL (0)
 - private volatile transient 'annotationData' 'Ljava/lang/Class$AnnotationData;' @84  NULL (0)
 - private volatile transient 'annotationType' 'Lsun/reflect/annotation/AnnotationType;' @88  NULL (0)
 - transient 'classValueMap' 'Ljava/lang/ClassValue$ClassValueMap;' @92  NULL (0)
 - abstract internal 'protection_domain' 'Ljava/lang/Object;' @96  a 'java/security/ProtectionDomain'{0x00000000892b41c0} (892b41c0)
 - abstract internal 'signers_name' 'Ljava/lang/Object;' @100  NULL (0)
 - abstract internal 'source_file' 'Ljava/lang/Object;' @104  NULL (0)
 - signature: Lorg/lwjgl/opengl/GL20C;
 - ---- static fields (0):
 - public static final 'GL_SHADING_LANGUAGE_VERSION' 'I' @112  35724 (8b8c)
 - public static final 'GL_CURRENT_PROGRAM' 'I' @116  35725 (8b8d)
 - public static final 'GL_SHADER_TYPE' 'I' @120  35663 (8b4f)
 - public static final 'GL_DELETE_STATUS' 'I' @124  35712 (8b80)
 - public static final 'GL_COMPILE_STATUS' 'I' @128  35713 (8b81)
 - public static final 'GL_LINK_STATUS' 'I' @132  35714 (8b82)
 - public static final 'GL_VALIDATE_STATUS' 'I' @136  35715 (8b83)
 - public static final 'GL_INFO_LOG_LENGTH' 'I' @140  35716 (8b84)
 - public static final 'GL_ATTACHED_SHADERS' 'I' @144  35717 (8b85)
 - public static final 'GL_ACTIVE_UNIFORMS' 'I' @148  35718 (8b86)
 - public static final 'GL_ACTIVE_UNIFORM_MAX_LENGTH' 'I' @152  35719 (8b87)
 - public static final 'GL_ACTIVE_ATTRIBUTES' 'I' @156  35721 (8b89)
 - public static final 'GL_ACTIVE_ATTRIBUTE_MAX_LENGTH' 'I' @160  35722 (8b8a)
 - public static final 'GL_SHADER_SOURCE_LENGTH' 'I' @164  35720 (8b88)
 - public static final 'GL_FLOAT_VEC2' 'I' @168  35664 (8b50)
 - public static final 'GL_FLOAT_VEC3' 'I' @172  35665 (8b51)
 - public static final 'GL_FLOAT_VEC4' 'I' @176  35666 (8b52)
 - public static final 'GL_INT_VEC2' 'I' @180  35667 (8b53)
 - public static final 'GL_INT_VEC3' 'I' @184  35668 (8b54)
 - public static final 'GL_INT_VEC4' 'I' @188  35669 (8b55)
 - public static final 'GL_BOOL' 'I' @192  35670 (8b56)
 - public static final 'GL_BOOL_VEC2' 'I' @196  35671 (8b57)
 - public static final 'GL_BOOL_VEC3' 'I' @200  35672 (8b58)
 - public static final 'GL_BOOL_VEC4' 'I' @204  35673 (8b59)
 - public static final 'GL_FLOAT_MAT2' 'I' @208  35674 (8b5a)
 - public static final 'GL_FLOAT_MAT3' 'I' @212  35675 (8b5b)
 - public static final 'GL_FLOAT_MAT4' 'I' @216  35676 (8b5c)
 - public static final 'GL_SAMPLER_1D' 'I' @220  35677 (8b5d)
 - public static final 'GL_SAMPLER_2D' 'I' @224  35678 (8b5e)
 - public static final 'GL_SAMPLER_3D' 'I' @228  35679 (8b5f)
 - public static final 'GL_SAMPLER_CUBE' 'I' @232  35680 (8b60)
 - public static final 'GL_SAMPLER_1D_SHADOW' 'I' @236  35681 (8b61)
 - public static final 'GL_SAMPLER_2D_SHADOW' 'I' @240  35682 (8b62)
 - public static final 'GL_VERTEX_SHADER' 'I' @244  35633 (8b31)
 - public static final 'GL_MAX_VERTEX_UNIFORM_COMPONENTS' 'I' @248  35658 (8b4a)
 - public static final 'GL_MAX_VARYING_FLOATS' 'I' @252  35659 (8b4b)
 - public static final 'GL_MAX_VERTEX_ATTRIBS' 'I' @256  34921 (8869)
 - public static final 'GL_MAX_TEXTURE_IMAGE_UNITS' 'I' @260  34930 (8872)
 - public static final 'GL_MAX_VERTEX_TEXTURE_IMAGE_UNITS' 'I' @264  35660 (8b4c)
 - public static final 'GL_MAX_COMBINED_TEXTURE_IMAGE_UNITS' 'I' @268  35661 (8b4d)
 - public static final 'GL_VERTEX_PROGRAM_POINT_SIZE' 'I' @272  34370 (8642)
 - public static final 'GL_VERTEX_ATTRIB_ARRAY_ENABLED' 'I' @276  34338 (8622)
 - public static final 'GL_VERTEX_ATTRIB_ARRAY_SIZE' 'I' @280  34339 (8623)
 - public static final 'GL_VERTEX_ATTRIB_ARRAY_STRIDE' 'I' @284  34340 (8624)
 - public static final 'GL_VERTEX_ATTRIB_ARRAY_TYPE' 'I' @288  34341 (8625)
 - public static final 'GL_VERTEX_ATTRIB_ARRAY_NORMALIZED' 'I' @292  34922 (886a)
 - public static final 'GL_CURRENT_VERTEX_ATTRIB' 'I' @296  34342 (8626)
 - public static final 'GL_VERTEX_ATTRIB_ARRAY_POINTER' 'I' @300  34373 (8645)
 - public static final 'GL_FRAGMENT_SHADER' 'I' @304  35632 (8b30)
 - public static final 'GL_MAX_FRAGMENT_UNIFORM_COMPONENTS' 'I' @308  35657 (8b49)
 - public static final 'GL_FRAGMENT_SHADER_DERIVATIVE_HINT' 'I' @312  35723 (8b8b)
 - public static final 'GL_MAX_DRAW_BUFFERS' 'I' @316  34852 (8824)
 - public static final 'GL_DRAW_BUFFER0' 'I' @320  34853 (8825)
 - public static final 'GL_DRAW_BUFFER1' 'I' @324  34854 (8826)
 - public static final 'GL_DRAW_BUFFER2' 'I' @328  34855 (8827)
 - public static final 'GL_DRAW_BUFFER3' 'I' @332  34856 (8828)
 - public static final 'GL_DRAW_BUFFER4' 'I' @336  34857 (8829)
 - public static final 'GL_DRAW_BUFFER5' 'I' @340  34858 (882a)
 - public static final 'GL_DRAW_BUFFER6' 'I' @344  34859 (882b)
 - public static final 'GL_DRAW_BUFFER7' 'I' @348  34860 (882c)
 - public static final 'GL_DRAW_BUFFER8' 'I' @352  34861 (882d)
 - public static final 'GL_DRAW_BUFFER9' 'I' @356  34862 (882e)
 - public static final 'GL_DRAW_BUFFER10' 'I' @360  34863 (882f)
 - public static final 'GL_DRAW_BUFFER11' 'I' @364  34864 (8830)
 - public static final 'GL_DRAW_BUFFER12' 'I' @368  34865 (8831)
 - public static final 'GL_DRAW_BUFFER13' 'I' @372  34866 (8832)
 - public static final 'GL_DRAW_BUFFER14' 'I' @376  34867 (8833)
 - public static final 'GL_DRAW_BUFFER15' 'I' @380  34868 (8834)
 - public static final 'GL_POINT_SPRITE_COORD_ORIGIN' 'I' @384  36000 (8ca0)
 - public static final 'GL_LOWER_LEFT' 'I' @388  36001 (8ca1)
 - public static final 'GL_UPPER_LEFT' 'I' @392  36002 (8ca2)
 - public static final 'GL_BLEND_EQUATION_RGB' 'I' @396  32777 (8009)
 - public static final 'GL_BLEND_EQUATION_ALPHA' 'I' @400  34877 (883d)
 - public static final 'GL_STENCIL_BACK_FUNC' 'I' @404  34816 (8800)
 - public static final 'GL_STENCIL_BACK_FAIL' 'I' @408  34817 (8801)
 - public static final 'GL_STENCIL_BACK_PASS_DEPTH_FAIL' 'I' @412  34818 (8802)
 - public static final 'GL_STENCIL_BACK_PASS_DEPTH_PASS' 'I' @416  34819 (8803)
 - public static final 'GL_STENCIL_BACK_REF' 'I' @420  36003 (8ca3)
 - public static final 'GL_STENCIL_BACK_VALUE_MASK' 'I' @424  36004 (8ca4)
 - public static final 'GL_STENCIL_BACK_WRITEMASK' 'I' @428  36005 (8ca5)
stack at sp + 6 slots: 0x00000001f874ab01 is an unknown value
stack at sp + 7 slots: 0x0000000000000029 is an unknown value


---------------  P R O C E S S  ---------------

Threads class SMR info:
_java_thread_list=0x00000180feb37550, length=16, elements={
0x00000180da08b080, 0x00000180f7f83380, 0x00000180f7f86080, 0x00000180f7f86c70,
0x00000180f7f885b0, 0x00000180f7f88ee0, 0x00000180f7f89810, 0x00000180f7f8a470,
0x00000180f7f8ee00, 0x00000180fc110060, 0x00000180fc1e1390, 0x00000180fc1ea5d0,
0x00000180fc4f8340, 0x00000180fc4f99c0, 0x00000180fcda1270, 0x00000180fec0dd40
}

Java Threads: ( => current thread )
=>0x00000180da08b080 JavaThread "main" [_thread_in_native, id=30348, stack(0x0000006b51e00000,0x0000006b51f00000)]
  0x00000180f7f83380 JavaThread "Reference Handler" daemon [_thread_blocked, id=42392, stack(0x0000006b52500000,0x0000006b52600000)]
  0x00000180f7f86080 JavaThread "Finalizer" daemon [_thread_blocked, id=35020, stack(0x0000006b52600000,0x0000006b52700000)]
  0x00000180f7f86c70 JavaThread "Signal Dispatcher" daemon [_thread_blocked, id=4744, stack(0x0000006b52700000,0x0000006b52800000)]
  0x00000180f7f885b0 JavaThread "Attach Listener" daemon [_thread_blocked, id=35252, stack(0x0000006b52800000,0x0000006b52900000)]
  0x00000180f7f88ee0 JavaThread "Service Thread" daemon [_thread_blocked, id=34128, stack(0x0000006b52900000,0x0000006b52a00000)]
  0x00000180f7f89810 JavaThread "Monitor Deflation Thread" daemon [_thread_blocked, id=41892, stack(0x0000006b52a00000,0x0000006b52b00000)]
  0x00000180f7f8a470 JavaThread "C2 CompilerThread0" daemon [_thread_blocked, id=32880, stack(0x0000006b52b00000,0x0000006b52c00000)]
  0x00000180f7f8ee00 JavaThread "C1 CompilerThread0" daemon [_thread_blocked, id=10028, stack(0x0000006b52c00000,0x0000006b52d00000)]
  0x00000180fc110060 JavaThread "Sweeper thread" daemon [_thread_blocked, id=20620, stack(0x0000006b52d00000,0x0000006b52e00000)]
  0x00000180fc1e1390 JavaThread "Notification Thread" daemon [_thread_blocked, id=45004, stack(0x0000006b52e00000,0x0000006b52f00000)]
  0x00000180fc1ea5d0 JavaThread "Common-Cleaner" daemon [_thread_blocked, id=34008, stack(0x0000006b53000000,0x0000006b53100000)]
  0x00000180fc4f8340 JavaThread "Java2D Disposer" daemon [_thread_blocked, id=26984, stack(0x0000006b53200000,0x0000006b53300000)]
  0x00000180fc4f99c0 JavaThread "AWT-Windows" daemon [_thread_in_native, id=10848, stack(0x0000006b53400000,0x0000006b53500000)]
  0x00000180fcda1270 JavaThread "Thread-0" daemon [_thread_blocked, id=29532, stack(0x0000006b53b00000,0x0000006b53c00000)]
  0x00000180fec0dd40 JavaThread "C2 CompilerThread1" daemon [_thread_blocked, id=5308, stack(0x0000006b53300000,0x0000006b53400000)]

Other Threads:
  0x00000180f7f67690 VMThread "VM Thread" [stack: 0x0000006b52400000,0x0000006b52500000] [id=17548]
  0x00000180fc1e58f0 WatcherThread "VM Periodic Task Thread" [stack: 0x0000006b52f00000,0x0000006b53000000] [id=36020]
  0x00000180da0eb6e0 WorkerThread "GC Thread#0" [stack: 0x0000006b51f00000,0x0000006b52000000] [id=19728]
  0x00000180fce4c480 WorkerThread "GC Thread#1" [stack: 0x0000006b53f00000,0x0000006b54000000] [id=11356]
  0x00000180feae8fc0 WorkerThread "GC Thread#2" [stack: 0x0000006b54000000,0x0000006b54100000] [id=39752]
  0x00000180feae73a0 WorkerThread "GC Thread#3" [stack: 0x0000006b54100000,0x0000006b54200000] [id=33460]
  0x00000180da0fc2b0 ConcurrentGCThread "G1 Main Marker" [stack: 0x0000006b52000000,0x0000006b52100000] [id=19724]
  0x00000180da0fe540 WorkerThread "G1 Conc#0" [stack: 0x0000006b52100000,0x0000006b52200000] [id=8788]
  0x00000180da14d5b0 ConcurrentGCThread "G1 Refine#0" [stack: 0x0000006b52200000,0x0000006b52300000] [id=31112]
  0x00000180f7e230d0 ConcurrentGCThread "G1 Service" [stack: 0x0000006b52300000,0x0000006b52400000] [id=43624]

Threads with active compile tasks:

VM state: not at safepoint (normal execution)

VM Mutex/Monitor currently owned by a thread: None

Heap address: 0x0000000082200000, size: 2014 MB, Compressed Oops mode: 32-bit

CDS archive(s) mapped at: [0x0000000800000000-0x0000000800c40000-0x0000000800c40000), size 12845056, SharedBaseAddress: 0x0000000800000000, ArchiveRelocationMode: 0.
Compressed class space mapped at: 0x0000000801000000-0x0000000841000000, reserved size: 1073741824
Narrow klass base: 0x0000000800000000, Narrow klass shift: 0, Narrow klass range: 0x100000000

GC Precious Log:
 CardTable entry size: 512
 Card Set container configuration: InlinePtr #cards 5 size 8 Array Of Cards #cards 12 size 40 Howl #buckets 4 coarsen threshold 1843 Howl Bitmap #cards 512 size 80 coarsen threshold 460 Card regions per heap region 1 cards per card region 2048
 CPUs: 4 total, 4 available
 Memory: 8050M
 Large Page Support: Disabled
 NUMA Support: Disabled
 Compressed Oops: Enabled (32-bit)
 Heap Region Size: 1M
 Heap Min Capacity: 8M
 Heap Initial Capacity: 126M
 Heap Max Capacity: 2014M
 Pre-touch: Disabled
 Parallel Workers: 4
 Concurrent Workers: 1
 Concurrent Refinement Workers: 4
 Periodic GC: Disabled

Heap:
 garbage-first heap   total 129024K, used 9377K [0x0000000082200000, 0x0000000100000000)
  region size 1024K, 10 young (10240K), 2 survivors (2048K)
 Metaspace       used 9232K, committed 9408K, reserved 1114112K
  class space    used 714K, committed 768K, reserved 1048576K

Heap Regions: E=young(eden), S=young(survivor), O=old, HS=humongous(starts), HC=humongous(continues), CS=collection set, F=free, OA=open archive, CA=closed archive, TAMS=top-at-mark-start (previous, next)
|   0|0x0000000082200000, 0x0000000082228600, 0x0000000082300000| 15%| O|  |TAMS 0x0000000082200000, 0x0000000082200000| Untracked 
|   1|0x0000000082300000, 0x0000000082300000, 0x0000000082400000|  0%| F|  |TAMS 0x0000000082300000, 0x0000000082300000| Untracked 
|   2|0x0000000082400000, 0x0000000082400000, 0x0000000082500000|  0%| F|  |TAMS 0x0000000082400000, 0x0000000082400000| Untracked 
|   3|0x0000000082500000, 0x0000000082500000, 0x0000000082600000|  0%| F|  |TAMS 0x0000000082500000, 0x0000000082500000| Untracked 
|   4|0x0000000082600000, 0x0000000082600000, 0x0000000082700000|  0%| F|  |TAMS 0x0000000082600000, 0x0000000082600000| Untracked 
|   5|0x0000000082700000, 0x0000000082700000, 0x0000000082800000|  0%| F|  |TAMS 0x0000000082700000, 0x0000000082700000| Untracked 
|   6|0x0000000082800000, 0x0000000082800000, 0x0000000082900000|  0%| F|  |TAMS 0x0000000082800000, 0x0000000082800000| Untracked 
|   7|0x0000000082900000, 0x0000000082900000, 0x0000000082a00000|  0%| F|  |TAMS 0x0000000082900000, 0x0000000082900000| Untracked 
|   8|0x0000000082a00000, 0x0000000082a00000, 0x0000000082b00000|  0%| F|  |TAMS 0x0000000082a00000, 0x0000000082a00000| Untracked 
|   9|0x0000000082b00000, 0x0000000082b00000, 0x0000000082c00000|  0%| F|  |TAMS 0x0000000082b00000, 0x0000000082b00000| Untracked 
|  10|0x0000000082c00000, 0x0000000082c00000, 0x0000000082d00000|  0%| F|  |TAMS 0x0000000082c00000, 0x0000000082c00000| Untracked 
|  11|0x0000000082d00000, 0x0000000082d00000, 0x0000000082e00000|  0%| F|  |TAMS 0x0000000082d00000, 0x0000000082d00000| Untracked 
|  12|0x0000000082e00000, 0x0000000082e00000, 0x0000000082f00000|  0%| F|  |TAMS 0x0000000082e00000, 0x0000000082e00000| Untracked 
|  13|0x0000000082f00000, 0x0000000082f00000, 0x0000000083000000|  0%| F|  |TAMS 0x0000000082f00000, 0x0000000082f00000| Untracked 
|  14|0x0000000083000000, 0x0000000083000000, 0x0000000083100000|  0%| F|  |TAMS 0x0000000083000000, 0x0000000083000000| Untracked 
|  15|0x0000000083100000, 0x0000000083100000, 0x0000000083200000|  0%| F|  |TAMS 0x0000000083100000, 0x0000000083100000| Untracked 
|  16|0x0000000083200000, 0x0000000083200000, 0x0000000083300000|  0%| F|  |TAMS 0x0000000083200000, 0x0000000083200000| Untracked 
|  17|0x0000000083300000, 0x0000000083300000, 0x0000000083400000|  0%| F|  |TAMS 0x0000000083300000, 0x0000000083300000| Untracked 
|  18|0x0000000083400000, 0x0000000083400000, 0x0000000083500000|  0%| F|  |TAMS 0x0000000083400000, 0x0000000083400000| Untracked 
|  19|0x0000000083500000, 0x0000000083500000, 0x0000000083600000|  0%| F|  |TAMS 0x0000000083500000, 0x0000000083500000| Untracked 
|  20|0x0000000083600000, 0x0000000083600000, 0x0000000083700000|  0%| F|  |TAMS 0x0000000083600000, 0x0000000083600000| Untracked 
|  21|0x0000000083700000, 0x0000000083700000, 0x0000000083800000|  0%| F|  |TAMS 0x0000000083700000, 0x0000000083700000| Untracked 
|  22|0x0000000083800000, 0x0000000083800000, 0x0000000083900000|  0%| F|  |TAMS 0x0000000083800000, 0x0000000083800000| Untracked 
|  23|0x0000000083900000, 0x0000000083900000, 0x0000000083a00000|  0%| F|  |TAMS 0x0000000083900000, 0x0000000083900000| Untracked 
|  24|0x0000000083a00000, 0x0000000083a00000, 0x0000000083b00000|  0%| F|  |TAMS 0x0000000083a00000, 0x0000000083a00000| Untracked 
|  25|0x0000000083b00000, 0x0000000083b00000, 0x0000000083c00000|  0%| F|  |TAMS 0x0000000083b00000, 0x0000000083b00000| Untracked 
|  26|0x0000000083c00000, 0x0000000083c00000, 0x0000000083d00000|  0%| F|  |TAMS 0x0000000083c00000, 0x0000000083c00000| Untracked 
|  27|0x0000000083d00000, 0x0000000083d00000, 0x0000000083e00000|  0%| F|  |TAMS 0x0000000083d00000, 0x0000000083d00000| Untracked 
|  28|0x0000000083e00000, 0x0000000083e00000, 0x0000000083f00000|  0%| F|  |TAMS 0x0000000083e00000, 0x0000000083e00000| Untracked 
|  29|0x0000000083f00000, 0x0000000083f00000, 0x0000000084000000|  0%| F|  |TAMS 0x0000000083f00000, 0x0000000083f00000| Untracked 
|  30|0x0000000084000000, 0x0000000084000000, 0x0000000084100000|  0%| F|  |TAMS 0x0000000084000000, 0x0000000084000000| Untracked 
|  31|0x0000000084100000, 0x0000000084100000, 0x0000000084200000|  0%| F|  |TAMS 0x0000000084100000, 0x0000000084100000| Untracked 
|  32|0x0000000084200000, 0x0000000084200000, 0x0000000084300000|  0%| F|  |TAMS 0x0000000084200000, 0x0000000084200000| Untracked 
|  33|0x0000000084300000, 0x0000000084300000, 0x0000000084400000|  0%| F|  |TAMS 0x0000000084300000, 0x0000000084300000| Untracked 
|  34|0x0000000084400000, 0x0000000084400000, 0x0000000084500000|  0%| F|  |TAMS 0x0000000084400000, 0x0000000084400000| Untracked 
|  35|0x0000000084500000, 0x0000000084500000, 0x0000000084600000|  0%| F|  |TAMS 0x0000000084500000, 0x0000000084500000| Untracked 
|  36|0x0000000084600000, 0x0000000084600000, 0x0000000084700000|  0%| F|  |TAMS 0x0000000084600000, 0x0000000084600000| Untracked 
|  37|0x0000000084700000, 0x0000000084700000, 0x0000000084800000|  0%| F|  |TAMS 0x0000000084700000, 0x0000000084700000| Untracked 
|  38|0x0000000084800000, 0x0000000084800000, 0x0000000084900000|  0%| F|  |TAMS 0x0000000084800000, 0x0000000084800000| Untracked 
|  39|0x0000000084900000, 0x0000000084900000, 0x0000000084a00000|  0%| F|  |TAMS 0x0000000084900000, 0x0000000084900000| Untracked 
|  40|0x0000000084a00000, 0x0000000084a00000, 0x0000000084b00000|  0%| F|  |TAMS 0x0000000084a00000, 0x0000000084a00000| Untracked 
|  41|0x0000000084b00000, 0x0000000084b00000, 0x0000000084c00000|  0%| F|  |TAMS 0x0000000084b00000, 0x0000000084b00000| Untracked 
|  42|0x0000000084c00000, 0x0000000084c00000, 0x0000000084d00000|  0%| F|  |TAMS 0x0000000084c00000, 0x0000000084c00000| Untracked 
|  43|0x0000000084d00000, 0x0000000084d00000, 0x0000000084e00000|  0%| F|  |TAMS 0x0000000084d00000, 0x0000000084d00000| Untracked 
|  44|0x0000000084e00000, 0x0000000084e00000, 0x0000000084f00000|  0%| F|  |TAMS 0x0000000084e00000, 0x0000000084e00000| Untracked 
|  45|0x0000000084f00000, 0x0000000084f00000, 0x0000000085000000|  0%| F|  |TAMS 0x0000000084f00000, 0x0000000084f00000| Untracked 
|  46|0x0000000085000000, 0x0000000085000000, 0x0000000085100000|  0%| F|  |TAMS 0x0000000085000000, 0x0000000085000000| Untracked 
|  47|0x0000000085100000, 0x0000000085100000, 0x0000000085200000|  0%| F|  |TAMS 0x0000000085100000, 0x0000000085100000| Untracked 
|  48|0x0000000085200000, 0x0000000085200000, 0x0000000085300000|  0%| F|  |TAMS 0x0000000085200000, 0x0000000085200000| Untracked 
|  49|0x0000000085300000, 0x0000000085300000, 0x0000000085400000|  0%| F|  |TAMS 0x0000000085300000, 0x0000000085300000| Untracked 
|  50|0x0000000085400000, 0x0000000085400000, 0x0000000085500000|  0%| F|  |TAMS 0x0000000085400000, 0x0000000085400000| Untracked 
|  51|0x0000000085500000, 0x0000000085500000, 0x0000000085600000|  0%| F|  |TAMS 0x0000000085500000, 0x0000000085500000| Untracked 
|  52|0x0000000085600000, 0x0000000085600000, 0x0000000085700000|  0%| F|  |TAMS 0x0000000085600000, 0x0000000085600000| Untracked 
|  53|0x0000000085700000, 0x0000000085700000, 0x0000000085800000|  0%| F|  |TAMS 0x0000000085700000, 0x0000000085700000| Untracked 
|  54|0x0000000085800000, 0x0000000085800000, 0x0000000085900000|  0%| F|  |TAMS 0x0000000085800000, 0x0000000085800000| Untracked 
|  55|0x0000000085900000, 0x0000000085900000, 0x0000000085a00000|  0%| F|  |TAMS 0x0000000085900000, 0x0000000085900000| Untracked 
|  56|0x0000000085a00000, 0x0000000085a00000, 0x0000000085b00000|  0%| F|  |TAMS 0x0000000085a00000, 0x0000000085a00000| Untracked 
|  57|0x0000000085b00000, 0x0000000085b00000, 0x0000000085c00000|  0%| F|  |TAMS 0x0000000085b00000, 0x0000000085b00000| Untracked 
|  58|0x0000000085c00000, 0x0000000085c00000, 0x0000000085d00000|  0%| F|  |TAMS 0x0000000085c00000, 0x0000000085c00000| Untracked 
|  59|0x0000000085d00000, 0x0000000085d00000, 0x0000000085e00000|  0%| F|  |TAMS 0x0000000085d00000, 0x0000000085d00000| Untracked 
|  60|0x0000000085e00000, 0x0000000085e00000, 0x0000000085f00000|  0%| F|  |TAMS 0x0000000085e00000, 0x0000000085e00000| Untracked 
|  61|0x0000000085f00000, 0x0000000085f00000, 0x0000000086000000|  0%| F|  |TAMS 0x0000000085f00000, 0x0000000085f00000| Untracked 
|  62|0x0000000086000000, 0x0000000086000000, 0x0000000086100000|  0%| F|  |TAMS 0x0000000086000000, 0x0000000086000000| Untracked 
|  63|0x0000000086100000, 0x0000000086100000, 0x0000000086200000|  0%| F|  |TAMS 0x0000000086100000, 0x0000000086100000| Untracked 
|  64|0x0000000086200000, 0x0000000086200000, 0x0000000086300000|  0%| F|  |TAMS 0x0000000086200000, 0x0000000086200000| Untracked 
|  65|0x0000000086300000, 0x0000000086300000, 0x0000000086400000|  0%| F|  |TAMS 0x0000000086300000, 0x0000000086300000| Untracked 
|  66|0x0000000086400000, 0x0000000086400000, 0x0000000086500000|  0%| F|  |TAMS 0x0000000086400000, 0x0000000086400000| Untracked 
|  67|0x0000000086500000, 0x0000000086500000, 0x0000000086600000|  0%| F|  |TAMS 0x0000000086500000, 0x0000000086500000| Untracked 
|  68|0x0000000086600000, 0x0000000086600000, 0x0000000086700000|  0%| F|  |TAMS 0x0000000086600000, 0x0000000086600000| Untracked 
|  69|0x0000000086700000, 0x0000000086700000, 0x0000000086800000|  0%| F|  |TAMS 0x0000000086700000, 0x0000000086700000| Untracked 
|  70|0x0000000086800000, 0x0000000086800000, 0x0000000086900000|  0%| F|  |TAMS 0x0000000086800000, 0x0000000086800000| Untracked 
|  71|0x0000000086900000, 0x0000000086900000, 0x0000000086a00000|  0%| F|  |TAMS 0x0000000086900000, 0x0000000086900000| Untracked 
|  72|0x0000000086a00000, 0x0000000086a00000, 0x0000000086b00000|  0%| F|  |TAMS 0x0000000086a00000, 0x0000000086a00000| Untracked 
|  73|0x0000000086b00000, 0x0000000086b00000, 0x0000000086c00000|  0%| F|  |TAMS 0x0000000086b00000, 0x0000000086b00000| Untracked 
|  74|0x0000000086c00000, 0x0000000086c00000, 0x0000000086d00000|  0%| F|  |TAMS 0x0000000086c00000, 0x0000000086c00000| Untracked 
|  75|0x0000000086d00000, 0x0000000086d00000, 0x0000000086e00000|  0%| F|  |TAMS 0x0000000086d00000, 0x0000000086d00000| Untracked 
|  76|0x0000000086e00000, 0x0000000086e00000, 0x0000000086f00000|  0%| F|  |TAMS 0x0000000086e00000, 0x0000000086e00000| Untracked 
|  77|0x0000000086f00000, 0x0000000086f00000, 0x0000000087000000|  0%| F|  |TAMS 0x0000000086f00000, 0x0000000086f00000| Untracked 
|  78|0x0000000087000000, 0x0000000087000000, 0x0000000087100000|  0%| F|  |TAMS 0x0000000087000000, 0x0000000087000000| Untracked 
|  79|0x0000000087100000, 0x0000000087100000, 0x0000000087200000|  0%| F|  |TAMS 0x0000000087100000, 0x0000000087100000| Untracked 
|  80|0x0000000087200000, 0x0000000087200000, 0x0000000087300000|  0%| F|  |TAMS 0x0000000087200000, 0x0000000087200000| Untracked 
|  81|0x0000000087300000, 0x0000000087300000, 0x0000000087400000|  0%| F|  |TAMS 0x0000000087300000, 0x0000000087300000| Untracked 
|  82|0x0000000087400000, 0x0000000087400000, 0x0000000087500000|  0%| F|  |TAMS 0x0000000087400000, 0x0000000087400000| Untracked 
|  83|0x0000000087500000, 0x0000000087500000, 0x0000000087600000|  0%| F|  |TAMS 0x0000000087500000, 0x0000000087500000| Untracked 
|  84|0x0000000087600000, 0x0000000087600000, 0x0000000087700000|  0%| F|  |TAMS 0x0000000087600000, 0x0000000087600000| Untracked 
|  85|0x0000000087700000, 0x0000000087700000, 0x0000000087800000|  0%| F|  |TAMS 0x0000000087700000, 0x0000000087700000| Untracked 
|  86|0x0000000087800000, 0x0000000087800000, 0x0000000087900000|  0%| F|  |TAMS 0x0000000087800000, 0x0000000087800000| Untracked 
|  87|0x0000000087900000, 0x0000000087900000, 0x0000000087a00000|  0%| F|  |TAMS 0x0000000087900000, 0x0000000087900000| Untracked 
|  88|0x0000000087a00000, 0x0000000087a00000, 0x0000000087b00000|  0%| F|  |TAMS 0x0000000087a00000, 0x0000000087a00000| Untracked 
|  89|0x0000000087b00000, 0x0000000087b00000, 0x0000000087c00000|  0%| F|  |TAMS 0x0000000087b00000, 0x0000000087b00000| Untracked 
|  90|0x0000000087c00000, 0x0000000087c00000, 0x0000000087d00000|  0%| F|  |TAMS 0x0000000087c00000, 0x0000000087c00000| Untracked 
|  91|0x0000000087d00000, 0x0000000087d00000, 0x0000000087e00000|  0%| F|  |TAMS 0x0000000087d00000, 0x0000000087d00000| Untracked 
|  92|0x0000000087e00000, 0x0000000087e00000, 0x0000000087f00000|  0%| F|  |TAMS 0x0000000087e00000, 0x0000000087e00000| Untracked 
|  93|0x0000000087f00000, 0x0000000087f00000, 0x0000000088000000|  0%| F|  |TAMS 0x0000000087f00000, 0x0000000087f00000| Untracked 
|  94|0x0000000088000000, 0x0000000088000000, 0x0000000088100000|  0%| F|  |TAMS 0x0000000088000000, 0x0000000088000000| Untracked 
|  95|0x0000000088100000, 0x0000000088100000, 0x0000000088200000|  0%| F|  |TAMS 0x0000000088100000, 0x0000000088100000| Untracked 
|  96|0x0000000088200000, 0x0000000088200000, 0x0000000088300000|  0%| F|  |TAMS 0x0000000088200000, 0x0000000088200000| Untracked 
|  97|0x0000000088300000, 0x0000000088300000, 0x0000000088400000|  0%| F|  |TAMS 0x0000000088300000, 0x0000000088300000| Untracked 
|  98|0x0000000088400000, 0x0000000088400000, 0x0000000088500000|  0%| F|  |TAMS 0x0000000088400000, 0x0000000088400000| Untracked 
|  99|0x0000000088500000, 0x0000000088500000, 0x0000000088600000|  0%| F|  |TAMS 0x0000000088500000, 0x0000000088500000| Untracked 
| 100|0x0000000088600000, 0x0000000088600000, 0x0000000088700000|  0%| F|  |TAMS 0x0000000088600000, 0x0000000088600000| Untracked 
| 101|0x0000000088700000, 0x0000000088700000, 0x0000000088800000|  0%| F|  |TAMS 0x0000000088700000, 0x0000000088700000| Untracked 
| 102|0x0000000088800000, 0x0000000088800000, 0x0000000088900000|  0%| F|  |TAMS 0x0000000088800000, 0x0000000088800000| Untracked 
| 103|0x0000000088900000, 0x0000000088900000, 0x0000000088a00000|  0%| F|  |TAMS 0x0000000088900000, 0x0000000088900000| Untracked 
| 104|0x0000000088a00000, 0x0000000088a00000, 0x0000000088b00000|  0%| F|  |TAMS 0x0000000088a00000, 0x0000000088a00000| Untracked 
| 105|0x0000000088b00000, 0x0000000088b00000, 0x0000000088c00000|  0%| F|  |TAMS 0x0000000088b00000, 0x0000000088b00000| Untracked 
| 106|0x0000000088c00000, 0x0000000088c00000, 0x0000000088d00000|  0%| F|  |TAMS 0x0000000088c00000, 0x0000000088c00000| Untracked 
| 107|0x0000000088d00000, 0x0000000088d00000, 0x0000000088e00000|  0%| F|  |TAMS 0x0000000088d00000, 0x0000000088d00000| Untracked 
| 108|0x0000000088e00000, 0x0000000088e00000, 0x0000000088f00000|  0%| F|  |TAMS 0x0000000088e00000, 0x0000000088e00000| Untracked 
| 109|0x0000000088f00000, 0x0000000088f00000, 0x0000000089000000|  0%| F|  |TAMS 0x0000000088f00000, 0x0000000088f00000| Untracked 
| 110|0x0000000089000000, 0x0000000089000000, 0x0000000089100000|  0%| F|  |TAMS 0x0000000089000000, 0x0000000089000000| Untracked 
| 111|0x0000000089100000, 0x0000000089200000, 0x0000000089200000|100%| S|CS|TAMS 0x0000000089100000, 0x0000000089100000| Complete 
| 112|0x0000000089200000, 0x0000000089300000, 0x0000000089300000|100%| S|CS|TAMS 0x0000000089200000, 0x0000000089200000| Complete 
| 113|0x0000000089300000, 0x0000000089300000, 0x0000000089400000|  0%| F|  |TAMS 0x0000000089300000, 0x0000000089300000| Untracked 
| 114|0x0000000089400000, 0x0000000089400000, 0x0000000089500000|  0%| F|  |TAMS 0x0000000089400000, 0x0000000089400000| Untracked 
| 115|0x0000000089500000, 0x0000000089500000, 0x0000000089600000|  0%| F|  |TAMS 0x0000000089500000, 0x0000000089500000| Untracked 
| 116|0x0000000089600000, 0x0000000089600000, 0x0000000089700000|  0%| F|  |TAMS 0x0000000089600000, 0x0000000089600000| Untracked 
| 117|0x0000000089700000, 0x0000000089700000, 0x0000000089800000|  0%| F|  |TAMS 0x0000000089700000, 0x0000000089700000| Untracked 
| 118|0x0000000089800000, 0x0000000089850ef0, 0x0000000089900000| 31%| E|  |TAMS 0x0000000089800000, 0x0000000089800000| Complete 
| 119|0x0000000089900000, 0x0000000089a00000, 0x0000000089a00000|100%| E|CS|TAMS 0x0000000089900000, 0x0000000089900000| Complete 
| 120|0x0000000089a00000, 0x0000000089b00000, 0x0000000089b00000|100%| E|CS|TAMS 0x0000000089a00000, 0x0000000089a00000| Complete 
| 121|0x0000000089b00000, 0x0000000089c00000, 0x0000000089c00000|100%| E|CS|TAMS 0x0000000089b00000, 0x0000000089b00000| Complete 
| 122|0x0000000089c00000, 0x0000000089d00000, 0x0000000089d00000|100%| E|CS|TAMS 0x0000000089c00000, 0x0000000089c00000| Complete 
| 123|0x0000000089d00000, 0x0000000089e00000, 0x0000000089e00000|100%| E|CS|TAMS 0x0000000089d00000, 0x0000000089d00000| Complete 
| 124|0x0000000089e00000, 0x0000000089f00000, 0x0000000089f00000|100%| E|CS|TAMS 0x0000000089e00000, 0x0000000089e00000| Complete 
| 125|0x0000000089f00000, 0x000000008a000000, 0x000000008a000000|100%| E|CS|TAMS 0x0000000089f00000, 0x0000000089f00000| Complete 

Card table byte_map: [0x00000180f13d0000,0x00000180f17c0000] _byte_map_base: 0x00000180f0fbf000

Marking Bits (Prev, Next): (CMBitMap*) 0x00000180da0ebc20, (CMBitMap*) 0x00000180da0ebc60
 Prev Bits: [0x00000180f1bb0000, 0x00000180f3b28000)
 Next Bits: [0x00000180f3b30000, 0x00000180f5aa8000)

Polling page: 0x00000180d7ff0000

Metaspace:

Usage:
  Non-class:      8.32 MB used.
      Class:    714.57 KB used.
       Both:      9.02 MB used.

Virtual space:
  Non-class space:       64.00 MB reserved,       8.44 MB ( 13%) committed,  1 nodes.
      Class space:        1.00 GB reserved,     768.00 KB ( <1%) committed,  1 nodes.
             Both:        1.06 GB reserved,       9.19 MB ( <1%) committed. 

Chunk freelists:
   Non-Class:  2.83 MB
       Class:  3.07 MB
        Both:  5.89 MB

MaxMetaspaceSize: unlimited
CompressedClassSpaceSize: 1.00 GB
Initial GC threshold: 21.00 MB
Current GC threshold: 21.00 MB
CDS: on
MetaspaceReclaimPolicy: balanced
 - commit_granule_bytes: 65536.
 - commit_granule_words: 8192.
 - virtual_space_node_default_size: 8388608.
 - enlarge_chunks_in_place: 1.
 - new_chunks_are_fully_committed: 0.
 - uncommit_free_chunks: 1.
 - use_allocation_guard: 0.


Internal statistics:

num_allocs_failed_limit: 0.
num_arena_births: 140.
num_arena_deaths: 0.
num_vsnodes_births: 2.
num_vsnodes_deaths: 0.
num_space_committed: 145.
num_space_uncommitted: 0.
num_chunks_returned_to_freelist: 0.
num_chunks_taken_from_freelist: 312.
num_chunk_merges: 0.
num_chunk_splits: 215.
num_chunks_enlarged: 162.
num_inconsistent_stats: 0.

CodeHeap 'non-profiled nmethods': size=120000Kb used=377Kb max_used=377Kb free=119622Kb
 bounds [0x00000180e9ab0000, 0x00000180e9d20000, 0x00000180f0fe0000]
CodeHeap 'profiled nmethods': size=120000Kb used=1981Kb max_used=1981Kb free=118018Kb
 bounds [0x00000180e1fe0000, 0x00000180e2250000, 0x00000180e9510000]
CodeHeap 'non-nmethods': size=5760Kb used=1792Kb max_used=1808Kb free=3967Kb
 bounds [0x00000180e9510000, 0x00000180e9780000, 0x00000180e9ab0000]
 total_blobs=2341 nmethods=1174 adapters=1078
 compilation: enabled
              stopped_count=0, restarted_count=0
 full_count=0

Compilation events (20 events):
Event: 2.000 Thread 0x00000180f7f8ee00 1165       3       java.util.LinkedList::linkLast (59 bytes)
Event: 2.001 Thread 0x00000180f7f8ee00 nmethod 1165 0x00000180e21cc690 code [0x00000180e21cc860, 0x00000180e21cccb8]
Event: 2.001 Thread 0x00000180f7f8ee00 1166       3       java.util.LinkedList$Node::<init> (20 bytes)
Event: 2.001 Thread 0x00000180f7f8ee00 nmethod 1166 0x00000180e21cce10 code [0x00000180e21ccfc0, 0x00000180e21cd238]
Event: 2.001 Thread 0x00000180f7f8ee00 1167       3       java.util.LinkedList::unlinkFirst (64 bytes)
Event: 2.001 Thread 0x00000180f7f8ee00 nmethod 1167 0x00000180e21cd310 code [0x00000180e21cd4c0, 0x00000180e21cd758]
Event: 2.002 Thread 0x00000180fec0dd40 1168       4       com.trongthien.zbattle.controller.movement.Node::<init> (15 bytes)
Event: 2.002 Thread 0x00000180fec0dd40 nmethod 1168 0x00000180e9b0d290 code [0x00000180e9b0d400, 0x00000180e9b0d478]
Event: 2.003 Thread 0x00000180f7f8a470 1169       4       com.trongthien.zbattle.view.map.GameMap::isSolidTile (83 bytes)
Event: 2.007 Thread 0x00000180f7f8a470 nmethod 1169 0x00000180e9b0d590 code [0x00000180e9b0d740, 0x00000180e9b0db58]
Event: 2.011 Thread 0x00000180f7f8ee00 1170       1       com.trongthien.zbattle.view.map.Camera::getX (5 bytes)
Event: 2.011 Thread 0x00000180f7f8ee00 nmethod 1170 0x00000180e9b0df10 code [0x00000180e9b0e0a0, 0x00000180e9b0e178]
Event: 2.011 Thread 0x00000180f7f8ee00 1172       3       com.trongthien.zbattle.view.CustomDrawer::draw (19 bytes)
Event: 2.011 Thread 0x00000180f7f8ee00 nmethod 1172 0x00000180e21cd890 code [0x00000180e21cda60, 0x00000180e21cdc68]
Event: 2.011 Thread 0x00000180f7f8ee00 1171       1       com.trongthien.zbattle.view.map.Camera::getY (5 bytes)
Event: 2.011 Thread 0x00000180f7f8ee00 nmethod 1171 0x00000180e9b0e210 code [0x00000180e9b0e3a0, 0x00000180e9b0e478]
Event: 2.011 Thread 0x00000180f7f8ee00 1173       3       com.badlogic.gdx.graphics.g2d.SpriteBatch::draw (307 bytes)
Event: 2.012 Thread 0x00000180f7f8ee00 nmethod 1173 0x00000180e21cdd90 code [0x00000180e21ce000, 0x00000180e21ceb28]
Event: 2.012 Thread 0x00000180f7f8ee00 1174       3       com.badlogic.gdx.graphics.g2d.SpriteBatch::draw (18 bytes)
Event: 2.012 Thread 0x00000180f7f8ee00 nmethod 1174 0x00000180e21cf090 code [0x00000180e21cf240, 0x00000180e21cf548]

GC Heap History (2 events):
Event: 1.461 GC heap before
{Heap before GC invocations=0 (full 0):
 garbage-first heap   total 129024K, used 13312K [0x0000000082200000, 0x0000000100000000)
  region size 1024K, 13 young (13312K), 0 survivors (0K)
 Metaspace       used 6602K, committed 6784K, reserved 1114112K
  class space    used 493K, committed 576K, reserved 1048576K
}
Event: 1.470 GC heap after
{Heap after GC invocations=1 (full 0):
 garbage-first heap   total 129024K, used 2209K [0x0000000082200000, 0x0000000100000000)
  region size 1024K, 2 young (2048K), 2 survivors (2048K)
 Metaspace       used 6602K, committed 6784K, reserved 1114112K
  class space    used 493K, committed 576K, reserved 1048576K
}

Dll operation events (10 events):
Event: 0.009 Loaded shared library C:\Users\ADMIN\.jdks\openjdk-19.0.2\bin\java.dll
Event: 0.043 Loaded shared library C:\Users\ADMIN\.jdks\openjdk-19.0.2\bin\jsvml.dll
Event: 0.151 Loaded shared library C:\Users\ADMIN\.jdks\openjdk-19.0.2\bin\net.dll
Event: 0.155 Loaded shared library C:\Users\ADMIN\.jdks\openjdk-19.0.2\bin\nio.dll
Event: 0.160 Loaded shared library C:\Users\ADMIN\.jdks\openjdk-19.0.2\bin\zip.dll
Event: 0.196 Loaded shared library C:\Users\ADMIN\.jdks\openjdk-19.0.2\bin\jimage.dll
Event: 0.200 Loaded shared library C:\Users\ADMIN\.jdks\openjdk-19.0.2\bin\awt.dll
Event: 0.687 Loaded shared library C:\Users\ADMIN\AppData\Local\Temp\libgdxADMIN\2a9d7f76\gdx64.dll
Event: 0.770 Loaded shared library C:\Users\ADMIN\AppData\Local\Temp\lwjgl_ADMIN\3.3.3+5\x64\lwjgl.dll
Event: 1.326 Loaded shared library C:\Users\ADMIN\AppData\Local\Temp\lwjgl_ADMIN\3.3.3+5\x64\lwjgl_opengl.dll

Deoptimization events (20 events):
Event: 1.934 Thread 0x00000180da08b080 Uncommon trap: trap_request=0xffffffde fr.pc=0x00000180e9b04620 relative=0x0000000000000340
Event: 1.934 Thread 0x00000180da08b080 Uncommon trap: reason=class_check action=maybe_recompile pc=0x00000180e9b04620 method=java.util.regex.Pattern$BmpCharPropertyGreedy.match(Ljava/util/regex/Matcher;ILjava/lang/CharSequence;)Z @ 26 c2
Event: 1.934 Thread 0x00000180da08b080 DEOPT PACKING pc=0x00000180e9b04620 sp=0x0000006b51efea60
Event: 1.934 Thread 0x00000180da08b080 DEOPT UNPACKING pc=0x00000180e9576da3 sp=0x0000006b51efea18 mode 2
Event: 1.934 Thread 0x00000180da08b080 Uncommon trap: trap_request=0xffffff45 fr.pc=0x00000180e9b07dcc relative=0x000000000000028c
Event: 1.934 Thread 0x00000180da08b080 Uncommon trap: reason=unstable_if action=reinterpret pc=0x00000180e9b07dcc method=java.lang.Integer.parseInt(Ljava/lang/String;I)I @ 119 c2
Event: 1.934 Thread 0x00000180da08b080 DEOPT PACKING pc=0x00000180e9b07dcc sp=0x0000006b51efed60
Event: 1.934 Thread 0x00000180da08b080 DEOPT UNPACKING pc=0x00000180e9576da3 sp=0x0000006b51efec60 mode 2
Event: 1.934 Thread 0x00000180da08b080 Uncommon trap: trap_request=0xffffff45 fr.pc=0x00000180e9b05a10 relative=0x0000000000000350
Event: 1.934 Thread 0x00000180da08b080 Uncommon trap: reason=unstable_if action=reinterpret pc=0x00000180e9b05a10 method=java.lang.Integer.parseInt(Ljava/lang/String;I)I @ 119 c2
Event: 1.934 Thread 0x00000180da08b080 DEOPT PACKING pc=0x00000180e9b05a10 sp=0x0000006b51efecf0
Event: 1.934 Thread 0x00000180da08b080 DEOPT UNPACKING pc=0x00000180e9576da3 sp=0x0000006b51efec68 mode 2
Event: 2.015 Thread 0x00000180da08b080 Uncommon trap: trap_request=0xffffffde fr.pc=0x00000180e9b068e4 relative=0x00000000000006e4
Event: 2.015 Thread 0x00000180da08b080 Uncommon trap: reason=class_check action=maybe_recompile pc=0x00000180e9b068e4 method=java.util.HashMap.computeIfAbsent(Ljava/lang/Object;Ljava/util/function/Function;)Ljava/lang/Object; @ 202 c2
Event: 2.015 Thread 0x00000180da08b080 DEOPT PACKING pc=0x00000180e9b068e4 sp=0x0000006b51efed50
Event: 2.015 Thread 0x00000180da08b080 DEOPT UNPACKING pc=0x00000180e9576da3 sp=0x0000006b51efece0 mode 2
Event: 2.016 Thread 0x00000180da08b080 Uncommon trap: trap_request=0xffffff45 fr.pc=0x00000180e9b06ab0 relative=0x00000000000008b0
Event: 2.016 Thread 0x00000180da08b080 Uncommon trap: reason=unstable_if action=reinterpret pc=0x00000180e9b06ab0 method=java.util.HashMap.computeIfAbsent(Ljava/lang/Object;Ljava/util/function/Function;)Ljava/lang/Object; @ 44 c2
Event: 2.016 Thread 0x00000180da08b080 DEOPT PACKING pc=0x00000180e9b06ab0 sp=0x0000006b51efed50
Event: 2.016 Thread 0x00000180da08b080 DEOPT UNPACKING pc=0x00000180e9576da3 sp=0x0000006b51efece8 mode 2

Classes loaded (20 events):
Event: 1.822 Loading class com/sun/org/apache/xerces/internal/dom/AttrImpl done
Event: 1.822 Loading class com/sun/org/apache/xerces/internal/dom/DeferredAttrImpl done
Event: 1.831 Loading class java/awt/Point
Event: 1.832 Loading class java/awt/geom/Point2D
Event: 1.832 Loading class java/awt/geom/Point2D done
Event: 1.832 Loading class java/awt/Point done
Event: 1.890 Loading class java/lang/Math$RandomNumberGeneratorHolder
Event: 1.890 Loading class java/lang/Math$RandomNumberGeneratorHolder done
Event: 1.932 Loading class java/io/BufferedReader
Event: 1.932 Loading class java/io/BufferedReader done
Event: 1.933 Loading class sun/nio/cs/StreamDecoder
Event: 1.933 Loading class sun/nio/cs/StreamDecoder done
Event: 1.934 Loading class java/util/regex/Pattern$1
Event: 1.934 Loading class java/util/regex/Pattern$1 done
Event: 1.997 Loading class java/util/LinkedList
Event: 1.998 Loading class java/util/AbstractSequentialList
Event: 1.998 Loading class java/util/AbstractSequentialList done
Event: 1.998 Loading class java/util/LinkedList done
Event: 1.998 Loading class java/util/LinkedList$Node
Event: 1.998 Loading class java/util/LinkedList$Node done

Classes unloaded (0 events):
No events

Classes redefined (0 events):
No events

Internal exceptions (20 events):
Event: 0.843 Thread 0x00000180da08b080 Exception <a 'java/lang/NoSuchMethodError'{0x0000000089886c40}: 'java.lang.Object java.lang.invoke.DirectMethodHandle$Holder.newInvokeSpecial(java.lang.Object, java.lang.Object, int)'> (0x0000000089886c40) 
thrown [s\open\src\hotspot\share\interpreter\linkResolver.cpp, line 774]
Event: 0.846 Thread 0x00000180da08b080 Exception <a 'java/lang/NoSuchMethodError'{0x0000000089898410}: 'int java.lang.invoke.DirectMethodHandle$Holder.invokeStaticInit(java.lang.Object, java.lang.Object, long, long)'> (0x0000000089898410) 
thrown [s\open\src\hotspot\share\interpreter\linkResolver.cpp, line 774]
Event: 0.847 Thread 0x00000180da08b080 Exception <a 'java/lang/NoSuchMethodError'{0x000000008989e0a8}: 'java.lang.Object java.lang.invoke.DirectMethodHandle$Holder.newInvokeSpecial(java.lang.Object, java.lang.Object, long)'> (0x000000008989e0a8) 
thrown [s\open\src\hotspot\share\interpreter\linkResolver.cpp, line 774]
Event: 0.847 Thread 0x00000180da08b080 Exception <a 'java/lang/NoSuchMethodError'{0x00000000898a1980}: 'java.lang.Object java.lang.invoke.Invokers$Holder.linkToTargetMethod(java.lang.Object, long, java.lang.Object)'> (0x00000000898a1980) 
thrown [s\open\src\hotspot\share\interpreter\linkResolver.cpp, line 774]
Event: 0.849 Thread 0x00000180da08b080 Exception <a 'java/lang/NoSuchMethodError'{0x00000000898a8f08}: 'int java.lang.invoke.DirectMethodHandle$Holder.invokeStaticInit(java.lang.Object, java.lang.Object, java.lang.Object, long)'> (0x00000000898a8f08) 
thrown [s\open\src\hotspot\share\interpreter\linkResolver.cpp, line 774]
Event: 0.873 Thread 0x00000180da08b080 Exception <a 'sun/nio/fs/WindowsException'{0x00000000897323f8}> (0x00000000897323f8) 
thrown [s\open\src\hotspot\share\prims\jni.cpp, line 517]
Event: 0.873 Thread 0x00000180da08b080 Exception <a 'sun/nio/fs/WindowsException'{0x0000000089732788}> (0x0000000089732788) 
thrown [s\open\src\hotspot\share\prims\jni.cpp, line 517]
Event: 0.915 Thread 0x00000180da08b080 Exception <a 'sun/nio/fs/WindowsException'{0x00000000897df2a0}> (0x00000000897df2a0) 
thrown [s\open\src\hotspot\share\prims\jni.cpp, line 517]
Event: 0.915 Thread 0x00000180da08b080 Exception <a 'sun/nio/fs/WindowsException'{0x00000000897df600}> (0x00000000897df600) 
thrown [s\open\src\hotspot\share\prims\jni.cpp, line 517]
Event: 0.938 Thread 0x00000180da08b080 Exception <a 'java/lang/NoSuchMethodError'{0x00000000897e6698}: 'int java.lang.invoke.Invokers$Holder.invokeExact_MT(java.lang.Object, java.lang.Object)'> (0x00000000897e6698) 
thrown [s\open\src\hotspot\share\interpreter\linkResolver.cpp, line 774]
Event: 1.005 Thread 0x00000180da08b080 Exception <a 'sun/nio/fs/WindowsException'{0x00000000896758e0}> (0x00000000896758e0) 
thrown [s\open\src\hotspot\share\prims\jni.cpp, line 517]
Event: 1.005 Thread 0x00000180da08b080 Exception <a 'sun/nio/fs/WindowsException'{0x0000000089675c60}> (0x0000000089675c60) 
thrown [s\open\src\hotspot\share\prims\jni.cpp, line 517]
Event: 1.091 Thread 0x00000180da08b080 Exception <a 'java/lang/NoSuchMethodError'{0x00000000896b3c10}: 'java.lang.Object java.lang.invoke.DirectMethodHandle$Holder.newInvokeSpecial(java.lang.Object, long)'> (0x00000000896b3c10) 
thrown [s\open\src\hotspot\share\interpreter\linkResolver.cpp, line 774]
Event: 1.319 Thread 0x00000180da08b080 Exception <a 'java/lang/NoSuchMethodError'{0x0000000089405da8}: 'void java.lang.System.load(java.lang.String, java.lang.Class)'> (0x0000000089405da8) 
thrown [s\open\src\hotspot\share\interpreter\linkResolver.cpp, line 774]
Event: 1.320 Thread 0x00000180da08b080 Exception <a 'java/lang/NoSuchMethodError'{0x0000000089408bb0}: 'void java.lang.System.loadLibrary(java.lang.String, java.lang.Class)'> (0x0000000089408bb0) 
thrown [s\open\src\hotspot\share\interpreter\linkResolver.cpp, line 774]
Event: 1.325 Thread 0x00000180da08b080 Exception <a 'sun/nio/fs/WindowsException'{0x000000008941a198}> (0x000000008941a198) 
thrown [s\open\src\hotspot\share\prims\jni.cpp, line 517]
Event: 1.325 Thread 0x00000180da08b080 Exception <a 'sun/nio/fs/WindowsException'{0x000000008941a538}> (0x000000008941a538) 
thrown [s\open\src\hotspot\share\prims\jni.cpp, line 517]
Event: 1.332 Thread 0x00000180da08b080 Exception <a 'sun/nio/fs/WindowsException'{0x0000000089426d10}> (0x0000000089426d10) 
thrown [s\open\src\hotspot\share\prims\jni.cpp, line 517]
Event: 1.332 Thread 0x00000180da08b080 Exception <a 'sun/nio/fs/WindowsException'{0x0000000089426fe0}> (0x0000000089426fe0) 
thrown [s\open\src\hotspot\share\prims\jni.cpp, line 517]
Event: 2.016 Thread 0x00000180da08b080 Implicit null exception at 0x00000180e9b062c2 to 0x00000180e9b06a90

VM Operations (20 events):
Event: 0.167 Executing VM operation: HandshakeAllThreads
Event: 0.167 Executing VM operation: HandshakeAllThreads done
Event: 0.678 Executing VM operation: HandshakeAllThreads
Event: 0.678 Executing VM operation: HandshakeAllThreads done
Event: 0.735 Executing VM operation: HandshakeAllThreads
Event: 0.735 Executing VM operation: HandshakeAllThreads done
Event: 1.399 Executing VM operation: HandshakeAllThreads
Event: 1.399 Executing VM operation: HandshakeAllThreads done
Event: 1.399 Executing VM operation: Cleanup
Event: 1.399 Executing VM operation: Cleanup done
Event: 1.461 Executing VM operation: G1CollectForAllocation
Event: 1.470 Executing VM operation: G1CollectForAllocation done
Event: 1.632 Executing VM operation: HandshakeAllThreads
Event: 1.632 Executing VM operation: HandshakeAllThreads done
Event: 1.945 Executing VM operation: HandshakeAllThreads
Event: 1.977 Executing VM operation: HandshakeAllThreads done
Event: 1.998 Executing VM operation: HandshakeAllThreads
Event: 1.998 Executing VM operation: HandshakeAllThreads done
Event: 2.017 Executing VM operation: HandshakeAllThreads
Event: 2.017 Executing VM operation: HandshakeAllThreads done

Events (18 events):
Event: 0.044 Thread 0x00000180da08b080 Thread added: 0x00000180da08b080
Event: 0.071 Thread 0x00000180f7f83380 Thread added: 0x00000180f7f83380
Event: 0.071 Thread 0x00000180f7f86080 Thread added: 0x00000180f7f86080
Event: 0.072 Thread 0x00000180f7f86c70 Thread added: 0x00000180f7f86c70
Event: 0.072 Thread 0x00000180f7f885b0 Thread added: 0x00000180f7f885b0
Event: 0.073 Thread 0x00000180f7f88ee0 Thread added: 0x00000180f7f88ee0
Event: 0.073 Thread 0x00000180f7f89810 Thread added: 0x00000180f7f89810
Event: 0.073 Thread 0x00000180f7f8a470 Thread added: 0x00000180f7f8a470
Event: 0.073 Thread 0x00000180f7f8ee00 Thread added: 0x00000180f7f8ee00
Event: 0.075 Thread 0x00000180fc110060 Thread added: 0x00000180fc110060
Event: 0.137 Thread 0x00000180fc1e1390 Thread added: 0x00000180fc1e1390
Event: 0.143 Thread 0x00000180fc1ea5d0 Thread added: 0x00000180fc1ea5d0
Event: 0.454 Thread 0x00000180fc4f8340 Thread added: 0x00000180fc4f8340
Event: 0.455 Thread 0x00000180fc4f8880 Thread added: 0x00000180fc4f8880
Event: 0.501 Thread 0x00000180fc4f99c0 Thread added: 0x00000180fc4f99c0
Event: 1.105 Thread 0x00000180fcda1270 Thread added: 0x00000180fcda1270
Event: 1.633 Thread 0x00000180fc4f8880 Thread exited: 0x00000180fc4f8880
Event: 1.829 Thread 0x00000180fec0dd40 Thread added: 0x00000180fec0dd40


Dynamic libraries:
0x00007ff6c9580000 - 0x00007ff6c958e000 	C:\Users\ADMIN\.jdks\openjdk-19.0.2\bin\java.exe
0x00007ffd079e0000 - 0x00007ffd07be9000 	C:\Windows\SYSTEM32\ntdll.dll
0x00007ffd07030000 - 0x00007ffd070ed000 	C:\Windows\System32\KERNEL32.DLL
0x00007ffd04e70000 - 0x00007ffd051f4000 	C:\Windows\System32\KERNELBASE.dll
0x00007ffd05710000 - 0x00007ffd05821000 	C:\Windows\System32\ucrtbase.dll
0x00007ffcf9400000 - 0x00007ffcf9417000 	C:\Users\ADMIN\.jdks\openjdk-19.0.2\bin\jli.dll
0x00007ffcf9140000 - 0x00007ffcf915b000 	C:\Users\ADMIN\.jdks\openjdk-19.0.2\bin\VCRUNTIME140.dll
0x00007ffd07650000 - 0x00007ffd077fd000 	C:\Windows\System32\USER32.dll
0x00007ffd05360000 - 0x00007ffd05386000 	C:\Windows\System32\win32u.dll
0x00007ffd05980000 - 0x00007ffd059aa000 	C:\Windows\System32\GDI32.dll
0x00007ffcf2a70000 - 0x00007ffcf2d15000 	C:\Windows\WinSxS\amd64_microsoft.windows.common-controls_6595b64144ccf1df_6.0.22000.120_none_9d947278b86cc467\COMCTL32.dll
0x00007ffd055f0000 - 0x00007ffd0570e000 	C:\Windows\System32\gdi32full.dll
0x00007ffd06e90000 - 0x00007ffd06f33000 	C:\Windows\System32\msvcrt.dll
0x00007ffd05200000 - 0x00007ffd0529d000 	C:\Windows\System32\msvcp_win.dll
0x00007ffd070f0000 - 0x00007ffd07121000 	C:\Windows\System32\IMM32.DLL
0x00007ffcf8ec0000 - 0x00007ffcf8ecc000 	C:\Users\ADMIN\.jdks\openjdk-19.0.2\bin\vcruntime140_1.dll
0x00007ffcf47a0000 - 0x00007ffcf482e000 	C:\Users\ADMIN\.jdks\openjdk-19.0.2\bin\msvcp140.dll
0x00007ffc9c9a0000 - 0x00007ffc9d660000 	C:\Users\ADMIN\.jdks\openjdk-19.0.2\bin\server\jvm.dll
0x00007ffd05830000 - 0x00007ffd058de000 	C:\Windows\System32\ADVAPI32.dll
0x00007ffd07900000 - 0x00007ffd0799e000 	C:\Windows\System32\sechost.dll
0x00007ffd073d0000 - 0x00007ffd074f1000 	C:\Windows\System32\RPCRT4.dll
0x00007ffce2f70000 - 0x00007ffce2f79000 	C:\Windows\SYSTEM32\WSOCK32.dll
0x00007ffd06320000 - 0x00007ffd0638f000 	C:\Windows\System32\WS2_32.dll
0x00007ffcfc970000 - 0x00007ffcfc97a000 	C:\Windows\SYSTEM32\VERSION.dll
0x00007ffcfe140000 - 0x00007ffcfe173000 	C:\Windows\SYSTEM32\WINMM.dll
0x00007ffd03ec0000 - 0x00007ffd03ed8000 	C:\Windows\SYSTEM32\kernel.appcore.dll
0x00007ffcf8920000 - 0x00007ffcf892a000 	C:\Users\ADMIN\.jdks\openjdk-19.0.2\bin\jimage.dll
0x00007ffd02860000 - 0x00007ffd02a81000 	C:\Windows\SYSTEM32\DBGHELP.DLL
0x00007ffcf63f0000 - 0x00007ffcf6421000 	C:\Windows\SYSTEM32\dbgcore.DLL
0x00007ffd05390000 - 0x00007ffd0540f000 	C:\Windows\System32\bcryptPrimitives.dll
0x00007ffcf6380000 - 0x00007ffcf63a6000 	C:\Users\ADMIN\.jdks\openjdk-19.0.2\bin\java.dll
0x00007ffcf31a0000 - 0x00007ffcf3277000 	C:\Users\ADMIN\.jdks\openjdk-19.0.2\bin\jsvml.dll
0x00007ffd059b0000 - 0x00007ffd06175000 	C:\Windows\System32\SHELL32.dll
0x00007ffd02f20000 - 0x00007ffd03782000 	C:\Windows\SYSTEM32\windows.storage.dll
0x00007ffd06b10000 - 0x00007ffd06e86000 	C:\Windows\System32\combase.dll
0x00007ffd02db0000 - 0x00007ffd02f17000 	C:\Windows\SYSTEM32\wintypes.dll
0x00007ffd06f40000 - 0x00007ffd0702a000 	C:\Windows\System32\SHCORE.dll
0x00007ffd075e0000 - 0x00007ffd0763d000 	C:\Windows\System32\shlwapi.dll
0x00007ffd04da0000 - 0x00007ffd04dc5000 	C:\Windows\SYSTEM32\profapi.dll
0x00007ffcf6c60000 - 0x00007ffcf6c73000 	C:\Users\ADMIN\.jdks\openjdk-19.0.2\bin\net.dll
0x00007ffcff3a0000 - 0x00007ffcff4b4000 	C:\Windows\SYSTEM32\WINHTTP.dll
0x00007ffd04370000 - 0x00007ffd043d7000 	C:\Windows\system32\mswsock.dll
0x00007ffcf6360000 - 0x00007ffcf6376000 	C:\Users\ADMIN\.jdks\openjdk-19.0.2\bin\nio.dll
0x00007ffcf4f00000 - 0x00007ffcf4f18000 	C:\Users\ADMIN\.jdks\openjdk-19.0.2\bin\zip.dll
0x00007ffcaee60000 - 0x00007ffcaeff0000 	C:\Users\ADMIN\.jdks\openjdk-19.0.2\bin\awt.dll
0x00007ffd07820000 - 0x00007ffd078f6000 	C:\Windows\System32\OLEAUT32.dll
0x00007ffd02040000 - 0x00007ffd020d2000 	C:\Windows\SYSTEM32\apphelp.dll
0x00007ffd020e0000 - 0x00007ffd0218c000 	C:\Windows\system32\uxtheme.dll
0x00007ffd069f0000 - 0x00007ffd06b0d000 	C:\Windows\System32\MSCTF.dll
0x00007ffd06180000 - 0x00007ffd0631a000 	C:\Windows\System32\ole32.dll
0x00007ffd02630000 - 0x00007ffd0265f000 	C:\Windows\system32\DWMAPI.DLL
0x00007ffcf7d60000 - 0x00007ffcf7e61000 	C:\Windows\system32\opengl32.dll
0x00007ffcf9650000 - 0x00007ffcf967d000 	C:\Windows\SYSTEM32\GLU32.dll
0x00007ffd021c0000 - 0x00007ffd021f8000 	C:\Windows\SYSTEM32\dxcore.dll
0x000000006e700000 - 0x000000006e72d000 	C:\Users\ADMIN\AppData\Local\Temp\libgdxADMIN\2a9d7f76\gdx64.dll
0x00007ffcc9fd0000 - 0x00007ffcca04b000 	C:\Users\ADMIN\AppData\Local\Temp\lwjgl_ADMIN\3.3.3+5\x64\lwjgl.dll
0x00007ffc9f9c0000 - 0x00007ffc9fc30000 	C:\Users\ADMIN\AppData\Local\Temp\lwjgl_ADMIN\3.3.3+5\x64\jemalloc.dll
0x00007ffcaedd0000 - 0x00007ffcaee52000 	C:\Users\ADMIN\AppData\Local\Temp\lwjgl_ADMIN\3.3.3+5\x64\glfw.dll
0x00007ffcf3b70000 - 0x00007ffcf3bb5000 	C:\Windows\SYSTEM32\dinput8.dll
0x00007ffcfa4d0000 - 0x00007ffcfa4e1000 	C:\Windows\SYSTEM32\xinput1_4.dll
0x00007ffd04aa0000 - 0x00007ffd04aec000 	C:\Windows\SYSTEM32\cfgmgr32.dll
0x00007ffd04a40000 - 0x00007ffd04a73000 	C:\Windows\SYSTEM32\DEVOBJ.dll
0x00007ffcf86e0000 - 0x00007ffcf88a9000 	C:\Windows\SYSTEM32\inputhost.dll
0x00007ffd01e00000 - 0x00007ffd01f31000 	C:\Windows\SYSTEM32\CoreMessaging.dll
0x00007ffd045b0000 - 0x00007ffd045bc000 	C:\Windows\SYSTEM32\CRYPTBASE.DLL
0x00007ffcaa650000 - 0x00007ffcaa817000 	C:\Users\ADMIN\AppData\Local\Temp\lwjgl_ADMIN\3.3.3+5\x64\OpenAL.dll
0x00007ffd07300000 - 0x00007ffd073af000 	C:\Windows\System32\clbcatq.dll
0x00007ffcf7060000 - 0x00007ffcf70fb000 	C:\Windows\System32\MMDevApi.dll
0x00007ffcf5f90000 - 0x00007ffcf6163000 	C:\Windows\SYSTEM32\AUDIOSES.DLL
0x00007ffd02310000 - 0x00007ffd02325000 	C:\Windows\SYSTEM32\resourcepolicyclient.dll
0x00007ffd04d40000 - 0x00007ffd04d8d000 	C:\Windows\SYSTEM32\powrprof.dll
0x00007ffd04d20000 - 0x00007ffd04d33000 	C:\Windows\SYSTEM32\UMPDC.dll
0x00007ffcff220000 - 0x00007ffcff264000 	C:\Windows\SYSTEM32\directxdatabasehelper.dll
0x00007ffd03ee0000 - 0x00007ffd03f14000 	C:\Windows\SYSTEM32\ntmarta.dll
0x00007ffcfd350000 - 0x00007ffcfd48c000 	C:\Windows\System32\AppXDeploymentClient.dll
0x00007ffcfcff0000 - 0x00007ffcfd1e0000 	C:\Windows\SYSTEM32\urlmon.dll
0x00007ffcfcb40000 - 0x00007ffcfcdfe000 	C:\Windows\System32\iertutil.dll
0x00007ffcfcb10000 - 0x00007ffcfcb39000 	C:\Windows\System32\srvcli.dll
0x00007ffd039d0000 - 0x00007ffd039dc000 	C:\Windows\System32\netutils.dll
0x00007ffc8d820000 - 0x00007ffc8e7e4000 	C:\Windows\System32\DriverStore\FileRepository\iigd_dch.inf_amd64_22e8552b44b17c6d\ig9icd64.dll
0x00007ffd02200000 - 0x00007ffd022f3000 	C:\Windows\system32\dxgi.dll
0x00007ffc9eec0000 - 0x00007ffc9f2fc000 	C:\Windows\System32\DriverStore\FileRepository\iigd_dch.inf_amd64_22e8552b44b17c6d\igdml64.dll
0x00007ffcfa4f0000 - 0x00007ffcfa826000 	C:\Windows\System32\DriverStore\FileRepository\iigd_dch.inf_amd64_22e8552b44b17c6d\igdgmm64.dll
0x00007ffcc2470000 - 0x00007ffcc51ff000 	C:\Windows\System32\DriverStore\FileRepository\iigd_dch.inf_amd64_22e8552b44b17c6d\igc64.dll
0x00007ffcbdea0000 - 0x00007ffcbdefe000 	C:\Users\ADMIN\AppData\Local\Temp\lwjgl_ADMIN\3.3.3+5\x64\lwjgl_opengl.dll
0x00007ffcf10c0000 - 0x00007ffcf11ec000 	C:\Windows\SYSTEM32\textinputframework.dll
0x00007ffcfe5a0000 - 0x00007ffcfe90d000 	C:\Windows\SYSTEM32\CoreUIComponents.dll

dbghelp: loaded successfully - version: 4.0.5 - missing functions: none
symbol engine: initialized successfully - sym options: 0x614 - pdb path: .;C:\Users\ADMIN\.jdks\openjdk-19.0.2\bin;C:\Windows\SYSTEM32;C:\Windows\WinSxS\amd64_microsoft.windows.common-controls_6595b64144ccf1df_6.0.22000.120_none_9d947278b86cc467;C:\Users\ADMIN\.jdks\openjdk-19.0.2\bin\server;C:\Users\ADMIN\AppData\Local\Temp\libgdxADMIN\2a9d7f76;C:\Users\ADMIN\AppData\Local\Temp\lwjgl_ADMIN\3.3.3+5\x64;C:\Windows\System32\DriverStore\FileRepository\iigd_dch.inf_amd64_22e8552b44b17c6d

VM Arguments:
jvm_args: -Dfile.encoding=windows-1258 -Duser.country=US -Duser.language=en -Duser.variant 
java_command: com.trongthien.zbattle.DesktopLauncher
java_class_path (initial): D:\code\ZBattle\desktop\build\classes\java\main;D:\code\ZBattle\desktop\build\resources\main;C:\Users\ADMIN\.gradle\caches\modules-2\files-2.1\com.badlogicgames.gdx\gdx-backend-lwjgl3\1.12.1\12a144cacb34f0392cd8354f798d99e4836a51a8\gdx-backend-lwjgl3-1.12.1.jar;C:\Users\ADMIN\.gradle\caches\modules-2\files-2.1\com.badlogicgames.gdx\gdx-platform\1.12.1\5737be5ce3a4e8f9f77c2d9ab95ab479f9c3705f\gdx-platform-1.12.1-natives-desktop.jar;D:\code\ZBattle\core\build\libs\core-1.0.jar;C:\Users\ADMIN\.gradle\caches\modules-2\files-2.1\com.badlogicgames.gdx\gdx\1.12.1\a2d066c09329c457045c284c42d6f37122840aa\gdx-1.12.1.jar;C:\Users\ADMIN\.gradle\caches\modules-2\files-2.1\org.lwjgl\lwjgl-glfw\3.3.3\efa1eb78c5ccd840e9f329717109b5e892d72f8e\lwjgl-glfw-3.3.3.jar;C:\Users\ADMIN\.gradle\caches\modules-2\files-2.1\org.lwjgl\lwjgl-glfw\3.3.3\a03684c5e4b1b1dbbe0d29dbbdc27b985b6840f2\lwjgl-glfw-3.3.3-natives-linux.jar;C:\Users\ADMIN\.gradle\caches\modules-2\files-2.1\org.lwjgl\lwjgl-glfw\3.3.3\d9af485c32545b37dd5359b163161d42d7534dcf\lwjgl-glfw-3.3.3-natives-linux-arm32.jar;C:\Users\ADMIN\.gradle\caches\modules-2\files-2.1\org.lwjgl\lwjgl-glfw\3.3.3\492a0f11f85b85899a6568f07511160c1b87cd38\lwjgl-glfw-3.3.3-natives-linux-arm64.jar;C:\Users\ADMIN\.gradle\caches\modules-2\files-2.1\org.lwjgl\lwjgl-glfw\3.3.3\a1bf400f6bc64e6195596cb1430dafda46090751\lwjgl-glfw-3.3.3-natives-macos.jar;C:\Users\ADMIN\.gradle\caches\modules-2\files-2.1\org.lwjgl\lwjgl-glfw\3.3.3\ee8cc78d0a4a5b3b4600fade6d927c9fc320c858\lwjgl-glfw-3.3.3-natives-macos-arm64.jar;C:\Users\ADMIN\.gradle\caches\modules-2\files-2.1\org.lwjgl\lwjgl-glfw\3.3.3\e449e28b4891fc423c54c85fbc5bb0b9efece67a\lwjgl-glfw-3.3.3-natives-windows.jar;C:\Users\ADMIN\.gradle\caches\modules-2\files-2.1\org.lwjgl\lwjgl-glfw\3.3.3\32334f3fd5270a59bad9939a93115acb6de36dcf\lwjgl-glfw-3.3.3-natives-windows-x86.jar;C:\Users\ADMIN\.gradle\caches\modules-2\files-2.1\org.lwjgl\lwjgl-jemalloc\3.3.3\b543467b7ff3c6920539a88ee602d34098628be5\lwjgl-jemalloc-3.3.3.jar;C:\Users\ADMIN\.gradle\caches\modules-2\files-2.1\org.lwjgl\lwjgl-jemalloc\3.3.3\4f86728bf449b1dd61251c4e0ac01df1389cb51e\lwjgl-jemalloc-3.3.3-natives-linux.jar;C:\Users\ADMIN\.gradle\caches\modules-2\files-2.1\org.lwjgl\lwjgl-jemalloc\3.3.3\109b6931880d02d4e65ced38928a16e41d19873e\lwjgl-jemalloc-3.3.3-natives-linux-arm32.jar;C:\Users\ADMIN\.gradle\caches\modules-2\files-2.1\org.lwjgl\lwjgl-jemalloc\3.3.3\eff8b86798191192fe2cba2dc2776109f30c239d\lwjgl-jemalloc-3.3.3-natives-linux-arm64.jar;C:\Users\ADMIN\.gradle\caches\modules-2\files-2.1\org.lwjgl\lwjgl-jemalloc\3.3.3\2906637657a57579847238c9c72d2c4bde7083f8\lwjgl-jemalloc-3.3.3-natives-macos.jar;C:\Users\ADMIN\.gradle\caches\modules-2\files-2.1\org.lwjgl\lwjgl-jemalloc\3.3.3\e9412c3ff8cb3a3bad1d3f52909ad74d8a5bdad1\lwjgl-jemalloc-3.3.3-natives-macos-arm64.jar;C:\Users\ADMIN\.gradle\caches\modules-2\files-2.1\org.lwjgl\lwjgl-jemalloc\3.3.3\426222fc027602a5f21b9c0fe79cde6a4c7a011f\lwjgl-jemalloc-3.3.3-natives-windows.jar;C:\Users\ADMIN\.gradle\caches\modules-2\files-2.1\org.lwjgl\lwjgl-jemalloc\3.3.3\f6063b6e0f23be483c5c88d84ce51b39dc69126c\lwjgl-jemalloc-3.3.3-natives-windows-x86.jar;C:\Users\ADMIN\.gradle\caches\modules-2\files-2.1\org.lwjgl\lwjgl-openal\3.3.3\daada81ceb5fc0c291fbfdd4433cb8d9423577f2\lwjgl-openal-3.3.3.jar;C:\Users\ADMIN\.gradle\caches\modules-2\files-2.1\org.lwjgl\lwjgl-openal\3.3.3\3037360cc4595079bea240af250b6d1a527e0905\lwjgl-openal-3.3.3-natives-linux.jar;C:\Users\ADMIN\.gradle\caches\modules-2\files-2.1\org.lwjgl\lwjgl-openal\3.3.3\e1702aa09d20359d6cf5cb2999fa7685a785eca7\lwjgl-openal-3.3.3-natives-linux-arm32.jar;C:\Users\ADMIN\.gradle\caches\modules-2\files-2.1\org.lwjgl\lwjgl-openal\3.3.3\ad8f302118a65bb8d615f8a2a680db58fb8f835e\lwjgl-openal-3.3.3-natives-linux-arm64.jar;C:\Users\ADMIN\.gradle\caches\modules-2\files-2.1\org.lwjgl\lwjgl-openal\3.3.3\8df8338bfa77f2ebabef4e58964bd04d24805cbf\lwjgl-openal-3.3.3-natives-macos.jar;C:\Users\ADMIN\.gradle\caches\modules-2\files-2.1\org.lwjgl\lwjgl-openal\3.3.3\c78b078de2fb52f45aa55d04db889a560f3544f\lwjgl-openal-3.3.3-natives-macos-arm64.jar;C:\Users\ADMIN\.gradle\caches\modules-2\files-2.1\org.lwjgl\lwjgl-openal\3.3.3\cf83862ae95d98496b26915024c7e666d8ab1c8f\lwjgl-openal-3.3.3-natives-windows.jar;C:\Users\ADMIN\.gradle\caches\modules-2\files-2.1\org.lwjgl\lwjgl-openal\3.3.3\87b8d5050e3adb46bb58fe1cb2669a4a48fce10d\lwjgl-openal-3.3.3-natives-windows-x86.jar;C:\Users\ADMIN\.gradle\caches\modules-2\files-2.1\org.lwjgl\lwjgl-opengl\3.3.3\2f6b0147078396a58979125a4c947664e98293a\lwjgl-opengl-3.3.3.jar;C:\Users\ADMIN\.gradle\caches\modules-2\files-2.1\org.lwjgl\lwjgl-opengl\3.3.3\62c70a4b00ca5391882b0f4b787c1588d24f1c86\lwjgl-opengl-3.3.3-natives-linux.jar;C:\Users\ADMIN\.gradle\caches\modules-2\files-2.1\org.lwjgl\lwjgl-opengl\3.3.3\dbba17fc5ac0985d14a57c11f9537617d67b9952\lwjgl-opengl-3.3.3-natives-linux-arm32.jar;C:\Users\ADMIN\.gradle\caches\modules-2\files-2.1\org.lwjgl\lwjgl-opengl\3.3.3\2096f6b94b2d68745d858fbfe53aacf5f0c8074c\lwjgl-opengl-3.3.3-natives-linux-arm64.jar;C:\Users\ADMIN\.gradle\caches\modules-2\files-2.1\org.lwjgl\lwjgl-opengl\3.3.3\1bd45997551ae8a28469f3a2b678f4b7289e12c0\lwjgl-opengl-3.3.3-natives-macos.jar;C:\Users\ADMIN\.gradle\caches\modules-2\files-2.1\org.lwjgl\lwjgl-opengl\3.3.3\d213ddef27637b1af87961ffa94d6b27036becc8\lwjgl-opengl-3.3.3-natives-macos-arm64.jar;C:\Users\ADMIN\.gradle\caches\modules-2\files-2.1\org.lwjgl\lwjgl-opengl\3.3.3\e6c1eec8be8a71951b830a4d69efc01c6531900c\lwjgl-opengl-3.3.3-natives-windows.jar;C:\Users\ADMIN\.gradle\caches\modules-2\files-2.1\org.lwjgl\lwjgl-opengl\3.3.3\d32d833dcaa2f355a886eaf21f0408b5f03241d\lwjgl-opengl-3.3.3-natives-windows-x86.jar;C:\Users\ADMIN\.gradle\caches\modules-2\files-2.1\org.lwjgl\lwjgl-stb\3.3.3\25dd6161988d7e65f71d5065c99902402ee32746\lwjgl-stb-3.3.3.jar;C:\Users\ADMIN\.gradle\caches\modules-2\files-2.1\org.lwjgl\lwjgl-stb\3.3.3\fd1271ccd9d85eff2fa31f3fd543e02ccfaf5041\lwjgl-stb-3.3.3-natives-linux.jar;C:\Users\ADMIN\.gradle\caches\modules-2\files-2.1\org.lwjgl\lwjgl-stb\3.3.3\1ae28ff044699ff29b0e980ffabd73fba8a664b3\lwjgl-stb-3.3.3-natives-linux-arm32.jar;C:\Users\ADMIN\.gradle\caches\modules-2\files-2.1\org.lwjgl\lwjgl-stb\3.3.3\ddc177afc2be1ee8d93684b11363b80589a13fe1\lwjgl-stb-3.3.3-natives-linux-arm64.jar;C:\Users\ADMIN\.gradle\caches\modules-2\files-2.1\org.lwjgl\lwjgl-stb\3.3.3\472792c98fb2c1557c060cb9da5fca6a9773621f\lwjgl-stb-3.3.3-natives-macos.jar;C:\Users\ADMIN\.gradle\caches\modules-2\files-2.1\org.lwjgl\lwjgl-stb\3.3.3\51c6955571fbcdb7bb538c6aa589b953b584c6af\lwjgl-stb-3.3.3-natives-macos-arm64.jar;C:\Users\ADMIN\.gradle\caches\modules-2\files-2.1\org.lwjgl\lwjgl-stb\3.3.3\1d9facdf6541de114b0f963be33505b7679c78cb\lwjgl-stb-3.3.3-natives-windows.jar;C:\Users\ADMIN\.gradle\caches\modules-2\files-2.1\org.lwjgl\lwjgl-stb\3.3.3\b5c874687b9aac1a936501d4ed2c49567fd1b575\lwjgl-stb-3.3.3-natives-windows-x86.jar;C:\Users\ADMIN\.gradle\caches\modules-2\files-2.1\org.lwjgl\lwjgl\3.3.3\29589b5f87ed335a6c7e7ee6a5775f81f97ecb84\lwjgl-3.3.3.jar;C:\Users\ADMIN\.gradle\caches\modules-2\files-2.1\org.lwjgl\lwjgl\3.3.3\1713758e3660ba66e1e954396fd18126038b33c0\lwjgl-3.3.3-natives-linux.jar;C:\Users\ADMIN\.gradle\caches\modules-2\files-2.1\org.lwjgl\lwjgl\3.3.3\2075c51a80f0ef0f22ba616ba54007ac2b0debd4\lwjgl-3.3.3-natives-linux-arm32.jar;C:\Users\ADMIN\.gradle\caches\modules-2\files-2.1\org.lwjgl\lwjgl\3.3.3\f35d8b6ffe1ac1e3a5eb1d4e33de80f044ad5fd8\lwjgl-3.3.3-natives-linux-arm64.jar;C:\Users\ADMIN\.gradle\caches\modules-2\files-2.1\org.lwjgl\lwjgl\3.3.3\33a6efa288390490ce6eb6c3df47ac21ecf648cf\lwjgl-3.3.3-natives-macos.jar;C:\Users\ADMIN\.gradle\caches\modules-2\files-2.1\org.lwjgl\lwjgl\3.3.3\226246e75f6bd8d4e1895bdce8638ef87808d114\lwjgl-3.3.3-natives-macos-arm64.jar;C:\Users\ADMIN\.gradle\caches\modules-2\files-2.1\org.lwjgl\lwjgl\3.3.3\a5ed18a2b82fc91b81f40d717cb1f64c9dcb0540\lwjgl-3.3.3-natives-windows.jar;C:\Users\ADMIN\.gradle\caches\modules-2\files-2.1\org.lwjgl\lwjgl\3.3.3\9e670718e050aeaeea0c2d5b907cffb142f2e58f\lwjgl-3.3.3-natives-windows-x86.jar;C:\Users\ADMIN\.gradle\caches\modules-2\files-2.1\com.badlogicgames.jlayer\jlayer\1.0.1-gdx\7cca83cec5c1b2f011362f4d85aabd71a73b049d\jlayer-1.0.1-gdx.jar;C:\Users\ADMIN\.gradle\caches\modules-2\files-2.1\org.jcraft\jorbis\0.0.17\8872d22b293e8f5d7d56ff92be966e6dc28ebdc6\jorbis-0.0.17.jar;C:\Users\ADMIN\.gradle\caches\modules-2\files-2.1\com.badlogicgames.gdx\gdx-jnigen-loader\2.3.1\2d472f69243631fbcb3d4c3f93dd2e137a6cb084\gdx-jnigen-loader-2.3.1.jar
Launcher Type: SUN_STANDARD

[Global flags]
     intx CICompilerCount                          = 3                                         {product} {ergonomic}
     uint ConcGCThreads                            = 1                                         {product} {ergonomic}
     uint G1ConcRefinementThreads                  = 4                                         {product} {ergonomic}
   size_t G1HeapRegionSize                         = 1048576                                   {product} {ergonomic}
    uintx GCDrainStackTargetSize                   = 64                                        {product} {ergonomic}
   size_t InitialHeapSize                          = 132120576                                 {product} {ergonomic}
   size_t MarkStackSize                            = 4194304                                   {product} {ergonomic}
   size_t MaxHeapSize                              = 2111832064                                {product} {ergonomic}
   size_t MaxNewSize                               = 1266679808                                {product} {ergonomic}
   size_t MinHeapDeltaBytes                        = 1048576                                   {product} {ergonomic}
   size_t MinHeapSize                              = 8388608                                   {product} {ergonomic}
    uintx NonNMethodCodeHeapSize                   = 5832780                                {pd product} {ergonomic}
    uintx NonProfiledCodeHeapSize                  = 122912730                              {pd product} {ergonomic}
    uintx ProfiledCodeHeapSize                     = 122912730                              {pd product} {ergonomic}
    uintx ReservedCodeCacheSize                    = 251658240                              {pd product} {ergonomic}
     bool SegmentedCodeCache                       = true                                      {product} {ergonomic}
   size_t SoftMaxHeapSize                          = 2111832064                             {manageable} {ergonomic}
     bool UseCompressedClassPointers               = true                           {product lp64_product} {ergonomic}
     bool UseCompressedOops                        = true                           {product lp64_product} {ergonomic}
     bool UseG1GC                                  = true                                      {product} {ergonomic}
     bool UseLargePagesIndividualAllocation        = false                                  {pd product} {ergonomic}

Logging:
Log output configuration:
 #0: stdout all=warning uptime,level,tags foldmultilines=false
 #1: stderr all=off uptime,level,tags foldmultilines=false

Environment Variables:
PATH=C:\Program Files (x86)\VMware\VMware Workstation\bin\;C:\Windows\system32;C:\Windows;C:\Windows\System32\Wbem;C:\Windows\System32\WindowsPowerShell\v1.0\;C:\Windows\System32\OpenSSH\;C:\Program Files\dotnet\;C:\Program Files\Git\cmd;C:\Program Files (x86)\ZeroTier\One\;C:\Program Files (x86)\Intel\Intel(R) Management Engine Components\DAL;C:\Program Files\Intel\Intel(R) Management Engine Components\DAL;C:\Program Files\Microsoft SQL Server\Client SDK\ODBC\170\Tools\Binn\;C:\Program Files (x86)\Microsoft SQL Server\150\Tools\Binn\;C:\Program Files\Microsoft SQL Server\150\Tools\Binn\;C:\Program Files\Microsoft SQL Server\150\DTS\Binn\;C:\Program Files (x86)\Microsoft SQL Server\160\DTS\Binn\;C:\Program Files\Azure Data Studio\bin;C:\Program Files\Cloudflare\Cloudflare WARP\;D:\Python\Python312\Scripts\;D:\Python\Python312\;C:\Users\ADMIN\AppData\Local\Microsoft\WindowsApps;C:\Users\ADMIN\AppData\Local\Programs\Microsoft VS Code\bin;C:\mingw64\bin;C:\Program Files\JetBrains\IntelliJ IDEA Community Edition 2022.3.2\bin;;C:\Users\ADMIN\Downloads\platform-tools_r34.0.0-windows\platform-tools;;C:\Program Files\Azure Data Studio\bin
USERNAME=ADMIN
OS=Windows_NT
PROCESSOR_IDENTIFIER=Intel64 Family 6 Model 78 Stepping 3, GenuineIntel
TMP=C:\Users\ADMIN\AppData\Local\Temp
TEMP=C:\Users\ADMIN\AppData\Local\Temp



---------------  S Y S T E M  ---------------

OS:
 Windows 11 , 64 bit Build 22000 (10.0.22000.2538)
OS uptime: 9 days 5:46 hours

CPU: total 4 (initial active 4) (2 cores per cpu, 2 threads per core) family 6 model 78 stepping 3 microcode 0xf0, cx8, cmov, fxsr, ht, mmx, 3dnowpref, sse, sse2, sse3, ssse3, sse4.1, sse4.2, popcnt, lzcnt, tsc, tscinvbit, avx, avx2, aes, erms, clmul, bmi1, bmi2, rtm, adx, fma, vzeroupper, clflush, clflushopt, rdtscp

Memory: 4k page, system-wide physical 8050M (784M free)
TotalPageFile size 14237M (AvailPageFile size 2389M)
current process WorkingSet (physical memory assigned to process): 200M, peak: 216M
current process commit charge ("private bytes"): 330M, peak: 347M

vm_info: OpenJDK 64-Bit Server VM (19.0.2+7-44) for windows-amd64 JRE (19.0.2+7-44), built on 2022-11-30T18:02:09Z by "mach5one" with MS VC++ 17.1 (VS2022)

END.
